<?xml version="1.0" encoding="UTF-8"?>
<coverage generated="1781232576622" clover="3.2.0">
  <project timestamp="1781232576622" name="All files">
    <metrics statements="365" coveredstatements="180" conditionals="112" coveredconditionals="39" methods="184" coveredmethods="69" elements="661" coveredelements="288" complexity="0" loc="365" ncloc="365" packages="3" files="4" classes="4"/>
    <package name="components.Explore.Search">
      <metrics statements="26" coveredstatements="6" conditionals="10" coveredconditionals="0" methods="15" coveredmethods="0"/>
      <file name="utils.js" path="/home/enjalot/code/latent-scope/web/src/components/Explore/Search/utils.js">
        <metrics statements="26" coveredstatements="6" conditionals="10" coveredconditionals="0" methods="15" coveredmethods="0"/>
        <line num="3" count="1" type="stmt"/>
        <line num="4" count="0" type="stmt"/>
        <line num="7" count="1" type="cond" truecount="0" falsecount="1"/>
        <line num="8" count="0" type="cond" truecount="0" falsecount="2"/>
        <line num="9" count="0" type="stmt"/>
        <line num="11" count="0" type="stmt"/>
        <line num="13" count="0" type="stmt"/>
        <line num="19" count="0" type="stmt"/>
        <line num="20" count="0" type="stmt"/>
        <line num="23" count="0" type="cond" truecount="0" falsecount="2"/>
        <line num="27" count="0" type="stmt"/>
        <line num="29" count="0" type="stmt"/>
        <line num="35" count="1" type="cond" truecount="0" falsecount="1"/>
        <line num="36" count="0" type="cond" truecount="0" falsecount="2"/>
        <line num="37" count="0" type="stmt"/>
        <line num="43" count="0" type="stmt"/>
        <line num="44" count="0" type="stmt"/>
        <line num="45" count="0" type="stmt"/>
        <line num="47" count="0" type="stmt"/>
        <line num="53" count="1" type="stmt"/>
        <line num="54" count="0" type="stmt"/>
        <line num="59" count="1" type="stmt"/>
        <line num="60" count="0" type="stmt"/>
        <line num="61" count="0" type="cond" truecount="0" falsecount="2"/>
        <line num="62" count="0" type="stmt"/>
        <line num="65" count="1" type="stmt"/>
      </file>
    </package>
    <package name="contexts">
      <metrics statements="194" coveredstatements="128" conditionals="78" coveredconditionals="34" methods="44" coveredmethods="35"/>
      <file name="FilterContext.jsx" path="/home/enjalot/code/latent-scope/web/src/contexts/FilterContext.jsx">
        <metrics statements="124" coveredstatements="68" conditionals="61" coveredconditionals="25" methods="21" coveredmethods="16"/>
        <line num="17" count="1" type="stmt"/>
        <line num="21" count="35" type="stmt"/>
        <line num="22" count="35" type="stmt"/>
        <line num="23" count="35" type="stmt"/>
        <line num="24" count="35" type="stmt"/>
        <line num="25" count="35" type="stmt"/>
        <line num="26" count="35" type="stmt"/>
        <line num="27" count="35" type="stmt"/>
        <line num="28" count="35" type="stmt"/>
        <line num="29" count="35" type="stmt"/>
        <line num="31" count="35" type="stmt"/>
        <line num="41" count="35" type="stmt"/>
        <line num="45" count="35" type="stmt"/>
        <line num="46" count="110" type="stmt"/>
        <line num="50" count="35" type="stmt"/>
        <line num="51" count="35" type="stmt"/>
        <line num="52" count="35" type="stmt"/>
        <line num="53" count="35" type="stmt"/>
        <line num="55" count="35" type="stmt"/>
        <line num="56" count="5" type="stmt"/>
        <line num="65" count="35" type="stmt"/>
        <line num="66" count="10" type="cond" truecount="3" falsecount="1"/>
        <line num="69" count="0" type="stmt"/>
        <line num="70" count="0" type="stmt"/>
        <line num="71" count="0" type="stmt"/>
        <line num="73" count="0" type="cond" truecount="0" falsecount="2"/>
        <line num="74" count="0" type="stmt"/>
        <line num="75" count="0" type="stmt"/>
        <line num="76" count="0" type="cond" truecount="0" falsecount="2"/>
        <line num="77" count="0" type="stmt"/>
        <line num="78" count="0" type="cond" truecount="0" falsecount="2"/>
        <line num="79" count="0" type="stmt"/>
        <line num="80" count="0" type="stmt"/>
        <line num="81" count="0" type="stmt"/>
        <line num="82" count="0" type="stmt"/>
        <line num="88" count="0" type="cond" truecount="0" falsecount="2"/>
        <line num="89" count="0" type="stmt"/>
        <line num="90" count="0" type="cond" truecount="0" falsecount="2"/>
        <line num="91" count="0" type="stmt"/>
        <line num="92" count="0" type="stmt"/>
        <line num="93" count="0" type="stmt"/>
        <line num="94" count="0" type="stmt"/>
        <line num="100" count="0" type="cond" truecount="0" falsecount="4"/>
        <line num="101" count="0" type="stmt"/>
        <line num="102" count="0" type="stmt"/>
        <line num="103" count="0" type="stmt"/>
        <line num="104" count="0" type="cond" truecount="0" falsecount="2"/>
        <line num="105" count="0" type="stmt"/>
        <line num="106" count="0" type="stmt"/>
        <line num="118" count="35" type="stmt"/>
        <line num="120" count="5" type="stmt"/>
        <line num="121" count="5" type="stmt"/>
        <line num="123" count="5" type="cond" truecount="3" falsecount="1"/>
        <line num="124" count="5" type="cond" truecount="1" falsecount="1"/>
        <line num="125" count="0" type="stmt"/>
        <line num="127" count="5" type="stmt"/>
        <line num="129" count="0" type="cond" truecount="0" falsecount="2"/>
        <line num="130" count="0" type="stmt"/>
        <line num="132" count="0" type="cond" truecount="0" falsecount="5"/>
        <line num="134" count="0" type="stmt"/>
        <line num="135" count="0" type="stmt"/>
        <line num="136" count="0" type="cond" truecount="0" falsecount="2"/>
        <line num="137" count="0" type="stmt"/>
        <line num="138" count="0" type="stmt"/>
        <line num="140" count="0" type="stmt"/>
        <line num="143" count="0" type="stmt"/>
        <line num="144" count="0" type="stmt"/>
        <line num="145" count="0" type="stmt"/>
        <line num="148" count="0" type="stmt"/>
        <line num="149" count="0" type="stmt"/>
        <line num="150" count="0" type="cond" truecount="0" falsecount="2"/>
        <line num="151" count="0" type="stmt"/>
        <line num="152" count="0" type="stmt"/>
        <line num="154" count="0" type="stmt"/>
        <line num="157" count="0" type="stmt"/>
        <line num="158" count="0" type="stmt"/>
        <line num="159" count="0" type="stmt"/>
        <line num="160" count="0" type="stmt"/>
        <line num="163" count="0" type="stmt"/>
        <line num="167" count="5" type="stmt"/>
        <line num="168" count="5" type="stmt"/>
        <line num="169" count="5" type="stmt"/>
        <line num="171" count="15" type="cond" truecount="2" falsecount="0"/>
        <line num="172" count="5" type="stmt"/>
        <line num="178" count="35" type="stmt"/>
        <line num="179" count="10" type="cond" truecount="3" falsecount="1"/>
        <line num="180" count="10" type="cond" truecount="1" falsecount="1"/>
        <line num="181" count="0" type="stmt"/>
        <line num="182" count="0" type="stmt"/>
        <line num="187" count="35" type="stmt"/>
        <line num="190" count="35" type="stmt"/>
        <line num="191" count="35" type="stmt"/>
        <line num="192" count="10" type="stmt"/>
        <line num="195" count="35" type="stmt"/>
        <line num="196" count="15" type="stmt"/>
        <line num="197" count="105" type="stmt"/>
        <line num="198" count="15" type="stmt"/>
        <line num="202" count="35" type="stmt"/>
        <line num="205" count="35" type="stmt"/>
        <line num="207" count="35" type="stmt"/>
        <line num="208" count="20" type="cond" truecount="2" falsecount="0"/>
        <line num="209" count="90" type="stmt"/>
        <line num="212" count="5" type="stmt"/>
        <line num="213" count="5" type="stmt"/>
        <line num="215" count="5" type="stmt"/>
        <line num="217" count="5" type="cond" truecount="1" falsecount="1"/>
        <line num="218" count="5" type="stmt"/>
        <line num="219" count="5" type="cond" truecount="1" falsecount="1"/>
        <line num="220" count="0" type="stmt"/>
        <line num="222" count="0" type="stmt"/>
        <line num="226" count="5" type="stmt"/>
        <line num="228" count="5" type="cond" truecount="1" falsecount="1"/>
        <line num="230" count="0" type="stmt"/>
        <line num="232" count="5" type="stmt"/>
        <line num="237" count="5" type="stmt"/>
        <line num="241" count="5" type="cond" truecount="1" falsecount="1"/>
        <line num="242" count="5" type="stmt"/>
        <line num="246" count="15" type="stmt"/>
        <line num="251" count="35" type="stmt"/>
        <line num="297" count="35" type="stmt"/>
        <line num="301" count="40" type="stmt"/>
        <line num="302" count="40" type="cond" truecount="2" falsecount="0"/>
        <line num="303" count="4" type="stmt"/>
        <line num="305" count="35" type="stmt"/>
      </file>
      <file name="ScopeContext.jsx" path="/home/enjalot/code/latent-scope/web/src/contexts/ScopeContext.jsx">
        <metrics statements="70" coveredstatements="60" conditionals="17" coveredconditionals="9" methods="23" coveredmethods="19"/>
        <line num="7" count="2" type="stmt"/>
        <line num="10" count="36" type="stmt"/>
        <line num="13" count="36" type="stmt"/>
        <line num="14" count="36" type="stmt"/>
        <line num="15" count="36" type="stmt"/>
        <line num="17" count="36" type="stmt"/>
        <line num="19" count="36" type="stmt"/>
        <line num="20" count="12" type="stmt"/>
        <line num="21" count="12" type="cond" truecount="1" falsecount="1"/>
        <line num="22" count="0" type="stmt"/>
        <line num="24" count="12" type="stmt"/>
        <line num="25" count="12" type="stmt"/>
        <line num="27" count="12" type="stmt"/>
        <line num="28" count="12" type="stmt"/>
        <line num="32" count="36" type="stmt"/>
        <line num="34" count="36" type="stmt"/>
        <line num="35" count="36" type="stmt"/>
        <line num="36" count="12" type="stmt"/>
        <line num="39" count="36" type="stmt"/>
        <line num="40" count="36" type="stmt"/>
        <line num="41" count="12" type="stmt"/>
        <line num="44" count="36" type="stmt"/>
        <line num="45" count="36" type="stmt"/>
        <line num="46" count="12" type="stmt"/>
        <line num="49" count="36" type="stmt"/>
        <line num="50" count="12" type="stmt"/>
        <line num="53" count="36" type="stmt"/>
        <line num="55" count="36" type="stmt"/>
        <line num="56" count="24" type="cond" truecount="2" falsecount="3"/>
        <line num="57" count="0" type="stmt"/>
        <line num="58" count="0" type="cond" truecount="0" falsecount="4"/>
        <line num="59" count="0" type="stmt"/>
        <line num="60" count="0" type="stmt"/>
        <line num="61" count="0" type="stmt"/>
        <line num="62" count="0" type="stmt"/>
        <line num="63" count="0" type="stmt"/>
        <line num="64" count="0" type="stmt"/>
        <line num="66" count="0" type="stmt"/>
        <line num="73" count="36" type="stmt"/>
        <line num="74" count="36" type="stmt"/>
        <line num="75" count="36" type="stmt"/>
        <line num="77" count="36" type="stmt"/>
        <line num="79" count="36" type="stmt"/>
        <line num="81" count="36" type="stmt"/>
        <line num="82" count="12" type="stmt"/>
        <line num="83" count="12" type="stmt"/>
        <line num="84" count="12" type="stmt"/>
        <line num="85" count="12" type="stmt"/>
        <line num="88" count="29" type="stmt"/>
        <line num="90" count="12" type="stmt"/>
        <line num="91" count="131" type="stmt"/>
        <line num="92" count="131" type="stmt"/>
        <line num="93" count="131" type="stmt"/>
        <line num="94" count="131" type="cond" truecount="2" falsecount="0"/>
        <line num="95" count="119" type="stmt"/>
        <line num="101" count="12" type="stmt"/>
        <line num="103" count="29" type="stmt"/>
        <line num="104" count="12" type="stmt"/>
        <line num="105" count="131" type="stmt"/>
        <line num="106" count="12" type="stmt"/>
        <line num="107" count="131" type="stmt"/>
        <line num="108" count="12" type="stmt"/>
        <line num="112" count="36" type="stmt"/>
        <line num="113" count="24" type="cond" truecount="2" falsecount="0"/>
        <line num="116" count="36" type="stmt"/>
        <line num="135" count="36" type="stmt"/>
        <line num="139" count="61" type="stmt"/>
        <line num="140" count="61" type="cond" truecount="2" falsecount="0"/>
        <line num="141" count="4" type="stmt"/>
        <line num="143" count="56" type="stmt"/>
      </file>
    </package>
    <package name="lib">
      <metrics statements="145" coveredstatements="46" conditionals="24" coveredconditionals="5" methods="125" coveredmethods="34"/>
      <file name="apiService.js" path="/home/enjalot/code/latent-scope/web/src/lib/apiService.js">
        <metrics statements="145" coveredstatements="46" conditionals="24" coveredconditionals="5" methods="125" coveredmethods="34"/>
        <line num="1" count="1" type="stmt"/>
        <line num="3" count="1" type="stmt"/>
        <line num="5" count="1" type="stmt"/>
        <line num="7" count="2" type="stmt"/>
        <line num="8" count="1" type="stmt"/>
        <line num="10" count="1" type="stmt"/>
        <line num="11" count="1" type="stmt"/>
        <line num="15" count="0" type="stmt"/>
        <line num="16" count="0" type="stmt"/>
        <line num="20" count="1" type="stmt"/>
        <line num="21" count="1" type="stmt"/>
        <line num="25" count="1" type="stmt"/>
        <line num="26" count="1" type="stmt"/>
        <line num="28" count="4" type="stmt"/>
        <line num="29" count="1" type="stmt"/>
        <line num="33" count="1" type="stmt"/>
        <line num="36" count="1" type="stmt"/>
        <line num="37" count="1" type="stmt"/>
        <line num="39" count="1" type="stmt"/>
        <line num="40" count="1" type="stmt"/>
        <line num="45" count="1" type="stmt"/>
        <line num="49" count="1" type="stmt"/>
        <line num="50" count="1" type="stmt"/>
        <line num="52" count="1" type="stmt"/>
        <line num="53" count="1" type="stmt"/>
        <line num="58" count="1" type="stmt"/>
        <line num="62" count="0" type="stmt"/>
        <line num="63" count="0" type="stmt"/>
        <line num="67" count="0" type="stmt"/>
        <line num="69" count="0" type="stmt"/>
        <line num="72" count="0" type="stmt"/>
        <line num="73" count="0" type="stmt"/>
        <line num="77" count="0" type="stmt"/>
        <line num="79" count="0" type="stmt"/>
        <line num="82" count="0" type="stmt"/>
        <line num="85" count="0" type="stmt"/>
        <line num="88" count="0" type="stmt"/>
        <line num="91" count="0" type="cond" truecount="0" falsecount="2"/>
        <line num="92" count="0" type="stmt"/>
        <line num="93" count="0" type="cond" truecount="0" falsecount="2"/>
        <line num="94" count="0" type="stmt"/>
        <line num="96" count="0" type="stmt"/>
        <line num="97" count="0" type="stmt"/>
        <line num="100" count="0" type="stmt"/>
        <line num="101" count="0" type="stmt"/>
        <line num="109" count="0" type="stmt"/>
        <line num="113" count="0" type="stmt"/>
        <line num="114" count="0" type="stmt"/>
        <line num="115" count="0" type="cond" truecount="0" falsecount="2"/>
        <line num="116" count="0" type="stmt"/>
        <line num="118" count="0" type="stmt"/>
        <line num="119" count="0" type="stmt"/>
        <line num="122" count="0" type="stmt"/>
        <line num="123" count="0" type="cond" truecount="0" falsecount="2"/>
        <line num="125" count="0" type="stmt"/>
        <line num="134" count="0" type="stmt"/>
        <line num="138" count="0" type="cond" truecount="0" falsecount="2"/>
        <line num="139" count="0" type="stmt"/>
        <line num="140" count="0" type="cond" truecount="0" falsecount="2"/>
        <line num="141" count="0" type="stmt"/>
        <line num="143" count="0" type="stmt"/>
        <line num="144" count="0" type="stmt"/>
        <line num="146" count="0" type="stmt"/>
        <line num="147" count="0" type="stmt"/>
        <line num="148" count="0" type="stmt"/>
        <line num="160" count="0" type="stmt"/>
        <line num="161" count="0" type="stmt"/>
        <line num="163" count="0" type="stmt"/>
        <line num="164" count="0" type="stmt"/>
        <line num="173" count="0" type="stmt"/>
        <line num="178" count="2" type="stmt"/>
        <line num="179" count="2" type="stmt"/>
        <line num="187" count="2" type="stmt"/>
        <line num="188" count="2" type="stmt"/>
        <line num="189" count="2" type="stmt"/>
        <line num="191" count="2" type="stmt"/>
        <line num="192" count="2" type="stmt"/>
        <line num="193" count="3" type="stmt"/>
        <line num="194" count="3" type="stmt"/>
        <line num="196" count="2" type="stmt"/>
        <line num="204" count="0" type="stmt"/>
        <line num="211" count="0" type="stmt"/>
        <line num="212" count="0" type="stmt"/>
        <line num="216" count="0" type="stmt"/>
        <line num="217" count="0" type="stmt"/>
        <line num="221" count="1" type="stmt"/>
        <line num="228" count="1" type="stmt"/>
        <line num="230" count="1" type="stmt"/>
        <line num="231" count="2" type="stmt"/>
        <line num="236" count="1" type="stmt"/>
        <line num="240" count="0" type="stmt"/>
        <line num="241" count="0" type="stmt"/>
        <line num="245" count="0" type="stmt"/>
        <line num="246" count="0" type="stmt"/>
        <line num="250" count="0" type="stmt"/>
        <line num="251" count="0" type="stmt"/>
        <line num="253" count="0" type="stmt"/>
        <line num="254" count="0" type="stmt"/>
        <line num="258" count="0" type="stmt"/>
        <line num="261" count="1" type="stmt"/>
        <line num="262" count="1" type="stmt"/>
        <line num="266" count="0" type="stmt"/>
        <line num="268" count="0" type="stmt"/>
        <line num="271" count="0" type="stmt"/>
        <line num="274" count="0" type="stmt"/>
        <line num="275" count="0" type="stmt"/>
        <line num="279" count="0" type="stmt"/>
        <line num="282" count="0" type="stmt"/>
        <line num="285" count="0" type="stmt"/>
        <line num="288" count="0" type="stmt"/>
        <line num="291" count="0" type="stmt"/>
        <line num="294" count="0" type="stmt"/>
        <line num="300" count="0" type="stmt"/>
        <line num="303" count="0" type="stmt"/>
        <line num="305" count="0" type="stmt"/>
        <line num="308" count="0" type="stmt"/>
        <line num="311" count="0" type="stmt"/>
        <line num="317" count="0" type="stmt"/>
        <line num="320" count="0" type="stmt"/>
        <line num="322" count="0" type="stmt"/>
        <line num="325" count="0" type="stmt"/>
        <line num="326" count="0" type="stmt"/>
        <line num="327" count="0" type="stmt"/>
        <line num="331" count="0" type="stmt"/>
        <line num="332" count="0" type="stmt"/>
        <line num="339" count="0" type="stmt"/>
        <line num="345" count="0" type="stmt"/>
        <line num="346" count="0" type="stmt"/>
        <line num="350" count="1" type="stmt"/>
        <line num="361" count="1" type="stmt"/>
        <line num="363" count="1" type="stmt"/>
        <line num="367" count="0" type="stmt"/>
        <line num="370" count="0" type="stmt"/>
        <line num="371" count="0" type="stmt"/>
        <line num="375" count="1" type="stmt"/>
        <line num="381" count="1" type="stmt"/>
        <line num="386" count="0" type="stmt"/>
        <line num="392" count="0" type="stmt"/>
        <line num="395" count="0" type="stmt"/>
        <line num="400" count="0" type="stmt"/>
        <line num="403" count="0" type="stmt"/>
        <line num="407" count="0" type="stmt"/>
        <line num="410" count="0" type="stmt"/>
        <line num="417" count="0" type="stmt"/>
        <line num="418" count="0" type="stmt"/>
      </file>
    </package>
  </project>
</coverage>
