{"/home/enjalot/code/latent-scope/web/src/components/Explore/Search/utils.js": {"path":"/home/enjalot/code/latent-scope/web/src/components/Explore/Search/utils.js","statementMap":{"0":{"start":{"line":3,"column":21},"end":{"line":5,"column":1}},"1":{"start":{"line":4,"column":2},"end":{"line":4,"column":null}},"2":{"start":{"line":7,"column":35},"end":{"line":33,"column":1}},"3":{"start":{"line":8,"column":2},"end":{"line":17,"column":null}},"4":{"start":{"line":9,"column":4},"end":{"line":16,"column":null}},"5":{"start":{"line":11,"column":22},"end":{"line":11,"column":51}},"6":{"start":{"line":13,"column":25},"end":{"line":16,"column":7}},"7":{"start":{"line":19,"column":21},"end":{"line":19,"column":40}},"8":{"start":{"line":20,"column":2},"end":{"line":32,"column":null}},"9":{"start":{"line":23,"column":8},"end":{"line":24,"column":null}},"10":{"start":{"line":27,"column":20},"end":{"line":27,"column":49}},"11":{"start":{"line":29,"column":23},"end":{"line":32,"column":5}},"12":{"start":{"line":35,"column":35},"end":{"line":51,"column":1}},"13":{"start":{"line":36,"column":2},"end":{"line":41,"column":null}},"14":{"start":{"line":37,"column":4},"end":{"line":40,"column":null}},"15":{"start":{"line":37,"column":52},"end":{"line":40,"column":5}},"16":{"start":{"line":43,"column":21},"end":{"line":43,"column":40}},"17":{"start":{"line":44,"column":2},"end":{"line":50,"column":null}},"18":{"start":{"line":45,"column":25},"end":{"line":45,"column":73}},"19":{"start":{"line":47,"column":23},"end":{"line":50,"column":5}},"20":{"start":{"line":53,"column":32},"end":{"line":55,"column":1}},"21":{"start":{"line":54,"column":2},"end":{"line":54,"column":null}},"22":{"start":{"line":54,"column":30},"end":{"line":54,"column":51}},"23":{"start":{"line":59,"column":38},"end":{"line":63,"column":1}},"24":{"start":{"line":60,"column":23},"end":{"line":60,"column":69}},"25":{"start":{"line":60,"column":49},"end":{"line":60,"column":68}},"26":{"start":{"line":61,"column":2},"end":{"line":61,"column":null}},"27":{"start":{"line":61,"column":21},"end":{"line":61,"column":null}},"28":{"start":{"line":62,"column":2},"end":{"line":62,"column":null}},"29":{"start":{"line":65,"column":31},"end":{"line":70,"column":1}}},"fnMap":{"0":{"name":"(anonymous_0)","decl":{"start":{"line":3,"column":21},"end":{"line":3,"column":22}},"loc":{"start":{"line":3,"column":34},"end":{"line":5,"column":1}},"line":3},"1":{"name":"(anonymous_1)","decl":{"start":{"line":7,"column":35},"end":{"line":7,"column":36}},"loc":{"start":{"line":7,"column":65},"end":{"line":33,"column":1}},"line":7},"2":{"name":"(anonymous_2)","decl":{"start":{"line":11,"column":12},"end":{"line":11,"column":13}},"loc":{"start":{"line":11,"column":22},"end":{"line":11,"column":51}},"line":11},"3":{"name":"(anonymous_3)","decl":{"start":{"line":13,"column":11},"end":{"line":13,"column":12}},"loc":{"start":{"line":13,"column":25},"end":{"line":16,"column":7}},"line":13},"4":{"name":"(anonymous_4)","decl":{"start":{"line":22,"column":6},"end":{"line":22,"column":7}},"loc":{"start":{"line":23,"column":8},"end":{"line":24,"column":null}},"line":23},"5":{"name":"(anonymous_5)","decl":{"start":{"line":27,"column":10},"end":{"line":27,"column":11}},"loc":{"start":{"line":27,"column":20},"end":{"line":27,"column":49}},"line":27},"6":{"name":"(anonymous_6)","decl":{"start":{"line":29,"column":9},"end":{"line":29,"column":10}},"loc":{"start":{"line":29,"column":23},"end":{"line":32,"column":5}},"line":29},"7":{"name":"(anonymous_7)","decl":{"start":{"line":35,"column":35},"end":{"line":35,"column":36}},"loc":{"start":{"line":35,"column":65},"end":{"line":51,"column":1}},"line":35},"8":{"name":"(anonymous_8)","decl":{"start":{"line":37,"column":38},"end":{"line":37,"column":39}},"loc":{"start":{"line":37,"column":52},"end":{"line":40,"column":5}},"line":37},"9":{"name":"(anonymous_9)","decl":{"start":{"line":45,"column":12},"end":{"line":45,"column":13}},"loc":{"start":{"line":45,"column":25},"end":{"line":45,"column":73}},"line":45},"10":{"name":"(anonymous_10)","decl":{"start":{"line":47,"column":9},"end":{"line":47,"column":10}},"loc":{"start":{"line":47,"column":23},"end":{"line":50,"column":5}},"line":47},"11":{"name":"(anonymous_11)","decl":{"start":{"line":53,"column":32},"end":{"line":53,"column":33}},"loc":{"start":{"line":53,"column":55},"end":{"line":55,"column":1}},"line":53},"12":{"name":"(anonymous_12)","decl":{"start":{"line":54,"column":23},"end":{"line":54,"column":24}},"loc":{"start":{"line":54,"column":30},"end":{"line":54,"column":51}},"line":54},"13":{"name":"(anonymous_13)","decl":{"start":{"line":59,"column":38},"end":{"line":59,"column":39}},"loc":{"start":{"line":59,"column":72},"end":{"line":63,"column":1}},"line":59},"14":{"name":"(anonymous_14)","decl":{"start":{"line":60,"column":42},"end":{"line":60,"column":43}},"loc":{"start":{"line":60,"column":49},"end":{"line":60,"column":68}},"line":60}},"branchMap":{"0":{"loc":{"start":{"line":7,"column":53},"end":{"line":7,"column":60}},"type":"default-arg","locations":[{"start":{"line":7,"column":59},"end":{"line":7,"column":60}}],"line":7},"1":{"loc":{"start":{"line":8,"column":2},"end":{"line":17,"column":null}},"type":"if","locations":[{"start":{"line":8,"column":2},"end":{"line":17,"column":null}},{"start":{},"end":{}}],"line":8},"2":{"loc":{"start":{"line":23,"column":8},"end":{"line":24,"column":null}},"type":"binary-expr","locations":[{"start":{"line":23,"column":8},"end":{"line":23,"column":56}},{"start":{"line":24,"column":8},"end":{"line":24,"column":null}}],"line":23},"3":{"loc":{"start":{"line":35,"column":53},"end":{"line":35,"column":60}},"type":"default-arg","locations":[{"start":{"line":35,"column":59},"end":{"line":35,"column":60}}],"line":35},"4":{"loc":{"start":{"line":36,"column":2},"end":{"line":41,"column":null}},"type":"if","locations":[{"start":{"line":36,"column":2},"end":{"line":41,"column":null}},{"start":{},"end":{}}],"line":36},"5":{"loc":{"start":{"line":61,"column":2},"end":{"line":61,"column":null}},"type":"if","locations":[{"start":{"line":61,"column":2},"end":{"line":61,"column":null}},{"start":{},"end":{}}],"line":61}},"s":{"0":1,"1":0,"2":1,"3":0,"4":0,"5":0,"6":0,"7":0,"8":0,"9":0,"10":0,"11":0,"12":1,"13":0,"14":0,"15":0,"16":0,"17":0,"18":0,"19":0,"20":1,"21":0,"22":0,"23":1,"24":0,"25":0,"26":0,"27":0,"28":0,"29":1},"f":{"0":0,"1":0,"2":0,"3":0,"4":0,"5":0,"6":0,"7":0,"8":0,"9":0,"10":0,"11":0,"12":0,"13":0,"14":0},"b":{"0":[0],"1":[0,0],"2":[0,0],"3":[0],"4":[0,0],"5":[0,0]},"meta":{"lastBranch":6,"lastFunction":15,"lastStatement":30,"seen":{"s:3:21:5:1":0,"f:3:21:3:22":0,"s:4:2:4:Infinity":1,"s:7:35:33:1":2,"f:7:35:7:36":1,"b:7:59:7:60":0,"b:8:2:17:Infinity:undefined:undefined:undefined:undefined":1,"s:8:2:17:Infinity":3,"s:9:4:16:Infinity":4,"f:11:12:11:13":2,"s:11:22:11:51":5,"f:13:11:13:12":3,"s:13:25:16:7":6,"s:19:21:19:40":7,"s:20:2:32:Infinity":8,"f:22:6:22:7":4,"s:23:8:24:Infinity":9,"b:23:8:23:56:24:8:24:Infinity":2,"f:27:10:27:11":5,"s:27:20:27:49":10,"f:29:9:29:10":6,"s:29:23:32:5":11,"s:35:35:51:1":12,"f:35:35:35:36":7,"b:35:59:35:60":3,"b:36:2:41:Infinity:undefined:undefined:undefined:undefined":4,"s:36:2:41:Infinity":13,"s:37:4:40:Infinity":14,"f:37:38:37:39":8,"s:37:52:40:5":15,"s:43:21:43:40":16,"s:44:2:50:Infinity":17,"f:45:12:45:13":9,"s:45:25:45:73":18,"f:47:9:47:10":10,"s:47:23:50:5":19,"s:53:32:55:1":20,"f:53:32:53:33":11,"s:54:2:54:Infinity":21,"f:54:23:54:24":12,"s:54:30:54:51":22,"s:59:38:63:1":23,"f:59:38:59:39":13,"s:60:23:60:69":24,"f:60:42:60:43":14,"s:60:49:60:68":25,"b:61:2:61:Infinity:undefined:undefined:undefined:undefined":5,"s:61:2:61:Infinity":26,"s:61:21:61:Infinity":27,"s:62:2:62:Infinity":28,"s:65:31:70:1":29},"fnNames":{}}}
,"/home/enjalot/code/latent-scope/web/src/contexts/FilterContext.jsx": {"path":"/home/enjalot/code/latent-scope/web/src/contexts/FilterContext.jsx","statementMap":{"0":{"start":{"line":17,"column":6},"end":{"line":17,"column":41}},"1":{"start":{"line":21,"column":23},"end":{"line":21,"column":56}},"2":{"start":{"line":22,"column":26},"end":{"line":22,"column":60}},"3":{"start":{"line":23,"column":15},"end":{"line":23,"column":37}},"4":{"start":{"line":24,"column":18},"end":{"line":24,"column":47}},"5":{"start":{"line":25,"column":22},"end":{"line":25,"column":52}},"6":{"start":{"line":26,"column":23},"end":{"line":26,"column":57}},"7":{"start":{"line":27,"column":26},"end":{"line":27,"column":60}},"8":{"start":{"line":28,"column":8},"end":{"line":28,"column":52}},"9":{"start":{"line":29,"column":2},"end":{"line":29,"column":null}},"10":{"start":{"line":31,"column":20},"end":{"line":31,"column":53}},"11":{"start":{"line":41,"column":4},"end":{"line":42,"column":16}},"12":{"start":{"line":45,"column":8},"end":{"line":47,"column":33}},"13":{"start":{"line":46,"column":4},"end":{"line":46,"column":null}},"14":{"start":{"line":46,"column":34},"end":{"line":46,"column":47}},"15":{"start":{"line":46,"column":66},"end":{"line":46,"column":97}},"16":{"start":{"line":50,"column":8},"end":{"line":50,"column":64}},"17":{"start":{"line":51,"column":8},"end":{"line":51,"column":83}},"18":{"start":{"line":52,"column":8},"end":{"line":52,"column":75}},"19":{"start":{"line":53,"column":8},"end":{"line":53,"column":94}},"20":{"start":{"line":55,"column":8},"end":{"line":62,"column":17}},"21":{"start":{"line":56,"column":4},"end":{"line":60,"column":null}},"22":{"start":{"line":65,"column":2},"end":{"line":114,"column":null}},"23":{"start":{"line":66,"column":4},"end":{"line":66,"column":null}},"24":{"start":{"line":66,"column":41},"end":{"line":66,"column":null}},"25":{"start":{"line":69,"column":16},"end":{"line":69,"column":null}},"26":{"start":{"line":70,"column":18},"end":{"line":70,"column":36}},"27":{"start":{"line":71,"column":25},"end":{"line":71,"column":40}},"28":{"start":{"line":73,"column":4},"end":{"line":111,"column":null}},"29":{"start":{"line":74,"column":6},"end":{"line":74,"column":null}},"30":{"start":{"line":75,"column":6},"end":{"line":75,"column":null}},"31":{"start":{"line":76,"column":15},"end":{"line":111,"column":null}},"32":{"start":{"line":77,"column":22},"end":{"line":77,"column":87}},"33":{"start":{"line":77,"column":54},"end":{"line":77,"column":87}},"34":{"start":{"line":78,"column":6},"end":{"line":86,"column":null}},"35":{"start":{"line":79,"column":31},"end":{"line":79,"column":null}},"36":{"start":{"line":80,"column":8},"end":{"line":80,"column":null}},"37":{"start":{"line":81,"column":8},"end":{"line":81,"column":null}},"38":{"start":{"line":82,"column":8},"end":{"line":86,"column":null}},"39":{"start":{"line":88,"column":15},"end":{"line":111,"column":null}},"40":{"start":{"line":89,"column":12},"end":{"line":89,"column":67}},"41":{"start":{"line":90,"column":6},"end":{"line":98,"column":null}},"42":{"start":{"line":91,"column":31},"end":{"line":91,"column":null}},"43":{"start":{"line":92,"column":8},"end":{"line":92,"column":null}},"44":{"start":{"line":93,"column":8},"end":{"line":93,"column":null}},"45":{"start":{"line":94,"column":8},"end":{"line":98,"column":null}},"46":{"start":{"line":100,"column":15},"end":{"line":111,"column":null}},"47":{"start":{"line":101,"column":20},"end":{"line":101,"column":42}},"48":{"start":{"line":102,"column":21},"end":{"line":102,"column":44}},"49":{"start":{"line":103,"column":32},"end":{"line":103,"column":null}},"50":{"start":{"line":104,"column":6},"end":{"line":111,"column":null}},"51":{"start":{"line":105,"column":8},"end":{"line":105,"column":null}},"52":{"start":{"line":106,"column":8},"end":{"line":111,"column":null}},"53":{"start":{"line":118,"column":2},"end":{"line":174,"column":null}},"54":{"start":{"line":120,"column":6},"end":{"line":120,"column":null}},"55":{"start":{"line":121,"column":20},"end":{"line":121,"column":22}},"56":{"start":{"line":123,"column":6},"end":{"line":163,"column":null}},"57":{"start":{"line":124,"column":8},"end":{"line":127,"column":null}},"58":{"start":{"line":125,"column":10},"end":{"line":125,"column":null}},"59":{"start":{"line":125,"column":65},"end":{"line":125,"column":96}},"60":{"start":{"line":127,"column":10},"end":{"line":127,"column":null}},"61":{"start":{"line":129,"column":17},"end":{"line":163,"column":null}},"62":{"start":{"line":130,"column":32},"end":{"line":130,"column":null}},"63":{"start":{"line":132,"column":8},"end":{"line":163,"column":null}},"64":{"start":{"line":134,"column":43},"end":{"line":134,"column":null}},"65":{"start":{"line":135,"column":28},"end":{"line":135,"column":86}},"66":{"start":{"line":135,"column":60},"end":{"line":135,"column":86}},"67":{"start":{"line":136,"column":12},"end":{"line":138,"column":null}},"68":{"start":{"line":137,"column":14},"end":{"line":137,"column":null}},"69":{"start":{"line":138,"column":14},"end":{"line":138,"column":null}},"70":{"start":{"line":140,"column":12},"end":{"line":140,"column":null}},"71":{"start":{"line":143,"column":31},"end":{"line":143,"column":null}},"72":{"start":{"line":144,"column":12},"end":{"line":144,"column":null}},"73":{"start":{"line":145,"column":12},"end":{"line":145,"column":null}},"74":{"start":{"line":148,"column":43},"end":{"line":148,"column":null}},"75":{"start":{"line":149,"column":18},"end":{"line":149,"column":76}},"76":{"start":{"line":150,"column":12},"end":{"line":152,"column":null}},"77":{"start":{"line":151,"column":14},"end":{"line":151,"column":null}},"78":{"start":{"line":152,"column":14},"end":{"line":152,"column":null}},"79":{"start":{"line":154,"column":12},"end":{"line":154,"column":null}},"80":{"start":{"line":157,"column":31},"end":{"line":157,"column":null}},"81":{"start":{"line":158,"column":31},"end":{"line":158,"column":null}},"82":{"start":{"line":159,"column":12},"end":{"line":159,"column":null}},"83":{"start":{"line":160,"column":12},"end":{"line":160,"column":null}},"84":{"start":{"line":163,"column":12},"end":{"line":163,"column":null}},"85":{"start":{"line":167,"column":6},"end":{"line":167,"column":null}},"86":{"start":{"line":168,"column":6},"end":{"line":168,"column":null}},"87":{"start":{"line":169,"column":6},"end":{"line":169,"column":null}},"88":{"start":{"line":171,"column":4},"end":{"line":172,"column":null}},"89":{"start":{"line":172,"column":6},"end":{"line":172,"column":null}},"90":{"start":{"line":178,"column":2},"end":{"line":183,"column":null}},"91":{"start":{"line":179,"column":4},"end":{"line":179,"column":null}},"92":{"start":{"line":179,"column":40},"end":{"line":179,"column":null}},"93":{"start":{"line":180,"column":4},"end":{"line":180,"column":null}},"94":{"start":{"line":180,"column":38},"end":{"line":180,"column":null}},"95":{"start":{"line":181,"column":20},"end":{"line":181,"column":86}},"96":{"start":{"line":181,"column":54},"end":{"line":181,"column":85}},"97":{"start":{"line":182,"column":4},"end":{"line":182,"column":null}},"98":{"start":{"line":187,"column":24},"end":{"line":187,"column":56}},"99":{"start":{"line":190,"column":24},"end":{"line":190,"column":null}},"100":{"start":{"line":191,"column":8},"end":{"line":193,"column":null}},"101":{"start":{"line":192,"column":10},"end":{"line":192,"column":59}},"102":{"start":{"line":195,"column":8},"end":{"line":199,"column":45}},"103":{"start":{"line":196,"column":18},"end":{"line":196,"column":null}},"104":{"start":{"line":197,"column":30},"end":{"line":197,"column":96}},"105":{"start":{"line":197,"column":64},"end":{"line":197,"column":95}},"106":{"start":{"line":198,"column":4},"end":{"line":198,"column":null}},"107":{"start":{"line":202,"column":8},"end":{"line":202,"column":35}},"108":{"start":{"line":205,"column":8},"end":{"line":205,"column":37}},"109":{"start":{"line":207,"column":2},"end":{"line":248,"column":null}},"110":{"start":{"line":208,"column":4},"end":{"line":246,"column":null}},"111":{"start":{"line":209,"column":32},"end":{"line":209,"column":95}},"112":{"start":{"line":209,"column":63},"end":{"line":209,"column":94}},"113":{"start":{"line":212,"column":31},"end":{"line":212,"column":41}},"114":{"start":{"line":213,"column":6},"end":{"line":213,"column":null}},"115":{"start":{"line":215,"column":23},"end":{"line":215,"column":null}},"116":{"start":{"line":217,"column":6},"end":{"line":222,"column":null}},"117":{"start":{"line":218,"column":29},"end":{"line":218,"column":60}},"118":{"start":{"line":219,"column":8},"end":{"line":222,"column":null}},"119":{"start":{"line":220,"column":10},"end":{"line":220,"column":null}},"120":{"start":{"line":222,"column":10},"end":{"line":222,"column":null}},"121":{"start":{"line":226,"column":6},"end":{"line":244,"column":null}},"122":{"start":{"line":228,"column":8},"end":{"line":230,"column":null}},"123":{"start":{"line":230,"column":10},"end":{"line":230,"column":null}},"124":{"start":{"line":232,"column":28},"end":{"line":236,"column":11}},"125":{"start":{"line":232,"column":52},"end":{"line":236,"column":11}},"126":{"start":{"line":237,"column":8},"end":{"line":237,"column":null}},"127":{"start":{"line":241,"column":8},"end":{"line":242,"column":null}},"128":{"start":{"line":242,"column":10},"end":{"line":242,"column":null}},"129":{"start":{"line":246,"column":6},"end":{"line":246,"column":null}},"130":{"start":{"line":251,"column":16},"end":{"line":295,"column":null}},"131":{"start":{"line":297,"column":2},"end":{"line":297,"column":null}},"132":{"start":{"line":301,"column":8},"end":{"line":301,"column":43}},"133":{"start":{"line":302,"column":2},"end":{"line":303,"column":null}},"134":{"start":{"line":303,"column":4},"end":{"line":303,"column":null}},"135":{"start":{"line":305,"column":2},"end":{"line":305,"column":null}}},"fnMap":{"0":{"name":"FilterProvider","decl":{"start":{"line":19,"column":16},"end":{"line":19,"column":31}},"loc":{"start":{"line":19,"column":45},"end":{"line":297,"column":null}},"line":19},"1":{"name":"(anonymous_1)","decl":{"start":{"line":45,"column":22},"end":{"line":45,"column":36}},"loc":{"start":{"line":45,"column":36},"end":{"line":47,"column":6}},"line":45},"2":{"name":"(anonymous_2)","decl":{"start":{"line":46,"column":21},"end":{"line":46,"column":26}},"loc":{"start":{"line":46,"column":34},"end":{"line":46,"column":47}},"line":46},"3":{"name":"(anonymous_3)","decl":{"start":{"line":46,"column":48},"end":{"line":46,"column":56}},"loc":{"start":{"line":46,"column":66},"end":{"line":46,"column":97}},"line":46},"4":{"name":"(anonymous_4)","decl":{"start":{"line":55,"column":25},"end":{"line":55,"column":39}},"loc":{"start":{"line":55,"column":39},"end":{"line":62,"column":6}},"line":55},"5":{"name":"(anonymous_5)","decl":{"start":{"line":65,"column":2},"end":{"line":65,"column":18}},"loc":{"start":{"line":65,"column":18},"end":{"line":114,"column":6}},"line":65},"6":{"name":"(anonymous_6)","decl":{"start":{"line":77,"column":36},"end":{"line":77,"column":42}},"loc":{"start":{"line":77,"column":54},"end":{"line":77,"column":87}},"line":77},"7":{"name":"(anonymous_7)","decl":{"start":{"line":118,"column":2},"end":{"line":118,"column":18}},"loc":{"start":{"line":118,"column":18},"end":{"line":174,"column":6}},"line":118},"8":{"name":"applyFilter","decl":{"start":{"line":119,"column":19},"end":{"line":119,"column":33}},"loc":{"start":{"line":119,"column":33},"end":{"line":169,"column":null}},"line":119},"9":{"name":"(anonymous_9)","decl":{"start":{"line":125,"column":47},"end":{"line":125,"column":55}},"loc":{"start":{"line":125,"column":65},"end":{"line":125,"column":96}},"line":125},"10":{"name":"(anonymous_10)","decl":{"start":{"line":135,"column":42},"end":{"line":135,"column":48}},"loc":{"start":{"line":135,"column":60},"end":{"line":135,"column":86}},"line":135},"11":{"name":"(anonymous_11)","decl":{"start":{"line":178,"column":2},"end":{"line":178,"column":18}},"loc":{"start":{"line":178,"column":18},"end":{"line":183,"column":6}},"line":178},"12":{"name":"(anonymous_12)","decl":{"start":{"line":181,"column":36},"end":{"line":181,"column":44}},"loc":{"start":{"line":181,"column":54},"end":{"line":181,"column":85}},"line":181},"13":{"name":"(anonymous_13)","decl":{"start":{"line":191,"column":21},"end":{"line":191,"column":null}},"loc":{"start":{"line":192,"column":10},"end":{"line":192,"column":59}},"line":192},"14":{"name":"(anonymous_14)","decl":{"start":{"line":195,"column":23},"end":{"line":195,"column":37}},"loc":{"start":{"line":195,"column":37},"end":{"line":199,"column":6}},"line":195},"15":{"name":"(anonymous_15)","decl":{"start":{"line":197,"column":46},"end":{"line":197,"column":54}},"loc":{"start":{"line":197,"column":64},"end":{"line":197,"column":95}},"line":197},"16":{"name":"(anonymous_16)","decl":{"start":{"line":207,"column":2},"end":{"line":207,"column":18}},"loc":{"start":{"line":207,"column":18},"end":{"line":248,"column":6}},"line":207},"17":{"name":"(anonymous_17)","decl":{"start":{"line":209,"column":45},"end":{"line":209,"column":53}},"loc":{"start":{"line":209,"column":63},"end":{"line":209,"column":94}},"line":209},"18":{"name":"(anonymous_18)","decl":{"start":{"line":226,"column":83},"end":{"line":226,"column":89}},"loc":{"start":{"line":226,"column":98},"end":{"line":244,"column":null}},"line":226},"19":{"name":"(anonymous_19)","decl":{"start":{"line":232,"column":33},"end":{"line":232,"column":38}},"loc":{"start":{"line":232,"column":52},"end":{"line":236,"column":11}},"line":232},"20":{"name":"useFilter","decl":{"start":{"line":300,"column":16},"end":{"line":300,"column":28}},"loc":{"start":{"line":300,"column":28},"end":{"line":305,"column":null}},"line":300}},"branchMap":{"0":{"loc":{"start":{"line":57,"column":6},"end":{"line":60,"column":29}},"type":"binary-expr","locations":[{"start":{"line":57,"column":6},"end":{"line":57,"column":29}},{"start":{"line":58,"column":6},"end":{"line":58,"column":30}},{"start":{"line":59,"column":6},"end":{"line":59,"column":30}},{"start":{"line":60,"column":6},"end":{"line":60,"column":29}}],"line":57},"1":{"loc":{"start":{"line":66,"column":4},"end":{"line":66,"column":null}},"type":"if","locations":[{"start":{"line":66,"column":4},"end":{"line":66,"column":null}},{"start":{},"end":{}}],"line":66},"2":{"loc":{"start":{"line":66,"column":8},"end":{"line":66,"column":41}},"type":"binary-expr","locations":[{"start":{"line":66,"column":8},"end":{"line":66,"column":24}},{"start":{"line":66,"column":24},"end":{"line":66,"column":41}}],"line":66},"3":{"loc":{"start":{"line":73,"column":4},"end":{"line":111,"column":null}},"type":"if","locations":[{"start":{"line":73,"column":4},"end":{"line":111,"column":null}},{"start":{"line":76,"column":15},"end":{"line":111,"column":null}}],"line":73},"4":{"loc":{"start":{"line":76,"column":15},"end":{"line":111,"column":null}},"type":"if","locations":[{"start":{"line":76,"column":15},"end":{"line":111,"column":null}},{"start":{"line":88,"column":15},"end":{"line":111,"column":null}}],"line":76},"5":{"loc":{"start":{"line":78,"column":6},"end":{"line":86,"column":null}},"type":"if","locations":[{"start":{"line":78,"column":6},"end":{"line":86,"column":null}},{"start":{},"end":{}}],"line":78},"6":{"loc":{"start":{"line":88,"column":15},"end":{"line":111,"column":null}},"type":"if","locations":[{"start":{"line":88,"column":15},"end":{"line":111,"column":null}},{"start":{"line":100,"column":15},"end":{"line":111,"column":null}}],"line":88},"7":{"loc":{"start":{"line":90,"column":6},"end":{"line":98,"column":null}},"type":"if","locations":[{"start":{"line":90,"column":6},"end":{"line":98,"column":null}},{"start":{},"end":{}}],"line":90},"8":{"loc":{"start":{"line":100,"column":15},"end":{"line":111,"column":null}},"type":"if","locations":[{"start":{"line":100,"column":15},"end":{"line":111,"column":null}},{"start":{},"end":{}}],"line":100},"9":{"loc":{"start":{"line":100,"column":15},"end":{"line":100,"column":64}},"type":"binary-expr","locations":[{"start":{"line":100,"column":15},"end":{"line":100,"column":38}},{"start":{"line":100,"column":42},"end":{"line":100,"column":64}}],"line":100},"10":{"loc":{"start":{"line":104,"column":6},"end":{"line":111,"column":null}},"type":"if","locations":[{"start":{"line":104,"column":6},"end":{"line":111,"column":null}},{"start":{},"end":{}}],"line":104},"11":{"loc":{"start":{"line":123,"column":6},"end":{"line":163,"column":null}},"type":"if","locations":[{"start":{"line":123,"column":6},"end":{"line":163,"column":null}},{"start":{"line":129,"column":17},"end":{"line":163,"column":null}}],"line":123},"12":{"loc":{"start":{"line":123,"column":10},"end":{"line":123,"column":44}},"type":"binary-expr","locations":[{"start":{"line":123,"column":10},"end":{"line":123,"column":27}},{"start":{"line":123,"column":27},"end":{"line":123,"column":44}}],"line":123},"13":{"loc":{"start":{"line":124,"column":8},"end":{"line":127,"column":null}},"type":"if","locations":[{"start":{"line":124,"column":8},"end":{"line":127,"column":null}},{"start":{"line":126,"column":15},"end":{"line":127,"column":null}}],"line":124},"14":{"loc":{"start":{"line":129,"column":17},"end":{"line":163,"column":null}},"type":"if","locations":[{"start":{"line":129,"column":17},"end":{"line":163,"column":null}},{"start":{},"end":{}}],"line":129},"15":{"loc":{"start":{"line":132,"column":8},"end":{"line":163,"column":null}},"type":"switch","locations":[{"start":{"line":133,"column":10},"end":{"line":140,"column":null}},{"start":{"line":142,"column":10},"end":{"line":145,"column":null}},{"start":{"line":147,"column":10},"end":{"line":154,"column":null}},{"start":{"line":156,"column":10},"end":{"line":160,"column":null}},{"start":{"line":162,"column":10},"end":{"line":163,"column":null}}],"line":132},"16":{"loc":{"start":{"line":136,"column":12},"end":{"line":138,"column":null}},"type":"if","locations":[{"start":{"line":136,"column":12},"end":{"line":138,"column":null}},{"start":{},"end":{}}],"line":136},"17":{"loc":{"start":{"line":150,"column":12},"end":{"line":152,"column":null}},"type":"if","locations":[{"start":{"line":150,"column":12},"end":{"line":152,"column":null}},{"start":{},"end":{}}],"line":150},"18":{"loc":{"start":{"line":171,"column":4},"end":{"line":172,"column":null}},"type":"if","locations":[{"start":{"line":171,"column":4},"end":{"line":172,"column":null}},{"start":{},"end":{}}],"line":171},"19":{"loc":{"start":{"line":179,"column":4},"end":{"line":179,"column":null}},"type":"if","locations":[{"start":{"line":179,"column":4},"end":{"line":179,"column":null}},{"start":{},"end":{}}],"line":179},"20":{"loc":{"start":{"line":179,"column":8},"end":{"line":179,"column":40}},"type":"binary-expr","locations":[{"start":{"line":179,"column":8},"end":{"line":179,"column":24}},{"start":{"line":179,"column":24},"end":{"line":179,"column":40}}],"line":179},"21":{"loc":{"start":{"line":180,"column":4},"end":{"line":180,"column":null}},"type":"if","locations":[{"start":{"line":180,"column":4},"end":{"line":180,"column":null}},{"start":{},"end":{}}],"line":180},"22":{"loc":{"start":{"line":208,"column":4},"end":{"line":246,"column":null}},"type":"if","locations":[{"start":{"line":208,"column":4},"end":{"line":246,"column":null}},{"start":{"line":245,"column":11},"end":{"line":246,"column":null}}],"line":208},"23":{"loc":{"start":{"line":217,"column":6},"end":{"line":222,"column":null}},"type":"if","locations":[{"start":{"line":217,"column":6},"end":{"line":222,"column":null}},{"start":{},"end":{}}],"line":217},"24":{"loc":{"start":{"line":219,"column":8},"end":{"line":222,"column":null}},"type":"if","locations":[{"start":{"line":219,"column":8},"end":{"line":222,"column":null}},{"start":{},"end":{}}],"line":219},"25":{"loc":{"start":{"line":228,"column":8},"end":{"line":230,"column":null}},"type":"if","locations":[{"start":{"line":228,"column":8},"end":{"line":230,"column":null}},{"start":{},"end":{}}],"line":228},"26":{"loc":{"start":{"line":241,"column":8},"end":{"line":242,"column":null}},"type":"if","locations":[{"start":{"line":241,"column":8},"end":{"line":242,"column":null}},{"start":{},"end":{}}],"line":241},"27":{"loc":{"start":{"line":302,"column":2},"end":{"line":303,"column":null}},"type":"if","locations":[{"start":{"line":302,"column":2},"end":{"line":303,"column":null}},{"start":{},"end":{}}],"line":302}},"s":{"0":1,"1":35,"2":35,"3":35,"4":35,"5":35,"6":35,"7":35,"8":35,"9":35,"10":35,"11":35,"12":35,"13":10,"14":110,"15":110,"16":35,"17":35,"18":35,"19":35,"20":35,"21":5,"22":35,"23":10,"24":10,"25":0,"26":0,"27":0,"28":0,"29":0,"30":0,"31":0,"32":0,"33":0,"34":0,"35":0,"36":0,"37":0,"38":0,"39":0,"40":0,"41":0,"42":0,"43":0,"44":0,"45":0,"46":0,"47":0,"48":0,"49":0,"50":0,"51":0,"52":0,"53":35,"54":5,"55":5,"56":5,"57":5,"58":0,"59":0,"60":5,"61":0,"62":0,"63":0,"64":0,"65":0,"66":0,"67":0,"68":0,"69":0,"70":0,"71":0,"72":0,"73":0,"74":0,"75":0,"76":0,"77":0,"78":0,"79":0,"80":0,"81":0,"82":0,"83":0,"84":0,"85":5,"86":5,"87":5,"88":15,"89":5,"90":35,"91":10,"92":0,"93":10,"94":10,"95":0,"96":0,"97":0,"98":35,"99":35,"100":35,"101":10,"102":35,"103":15,"104":15,"105":105,"106":15,"107":35,"108":35,"109":35,"110":20,"111":5,"112":90,"113":5,"114":5,"115":5,"116":5,"117":5,"118":5,"119":0,"120":0,"121":5,"122":5,"123":0,"124":5,"125":0,"126":5,"127":5,"128":5,"129":15,"130":35,"131":35,"132":40,"133":40,"134":4,"135":35},"f":{"0":35,"1":10,"2":110,"3":110,"4":5,"5":10,"6":0,"7":15,"8":5,"9":0,"10":0,"11":10,"12":0,"13":10,"14":15,"15":105,"16":20,"17":90,"18":5,"19":0,"20":40},"b":{"0":[5,5,5,5],"1":[10,0],"2":[10,5],"3":[0,0],"4":[0,0],"5":[0,0],"6":[0,0],"7":[0,0],"8":[0,0],"9":[0,0],"10":[0,0],"11":[5,0],"12":[5,5],"13":[0,5],"14":[0,0],"15":[0,0,0,0,0],"16":[0,0],"17":[0,0],"18":[5,10],"19":[0,10],"20":[10,10],"21":[10,0],"22":[5,15],"23":[5,0],"24":[0,5],"25":[0,5],"26":[5,0],"27":[4,36]},"meta":{"lastBranch":28,"lastFunction":21,"lastStatement":136,"seen":{"s:17:6:17:41":0,"f:19:16:19:31":0,"s:21:23:21:56":1,"s:22:26:22:60":2,"s:23:15:23:37":3,"s:24:18:24:47":4,"s:25:22:25:52":5,"s:26:23:26:57":6,"s:27:26:27:60":7,"s:28:8:28:52":8,"s:29:2:29:Infinity":9,"s:31:20:31:53":10,"s:41:4:42:16":11,"s:45:8:47:33":12,"f:45:22:45:36":1,"s:46:4:46:Infinity":13,"f:46:21:46:26":2,"s:46:34:46:47":14,"f:46:48:46:56":3,"s:46:66:46:97":15,"s:50:8:50:64":16,"s:51:8:51:83":17,"s:52:8:52:75":18,"s:53:8:53:94":19,"s:55:8:62:17":20,"f:55:25:55:39":4,"s:56:4:60:Infinity":21,"b:57:6:57:29:58:6:58:30:59:6:59:30:60:6:60:29":0,"s:65:2:114:Infinity":22,"f:65:2:65:18":5,"b:66:4:66:Infinity:undefined:undefined:undefined:undefined":1,"s:66:4:66:Infinity":23,"b:66:8:66:24:66:24:66:41":2,"s:66:41:66:Infinity":24,"s:69:16:69:Infinity":25,"s:70:18:70:36":26,"s:71:25:71:40":27,"b:73:4:111:Infinity:76:15:111:Infinity":3,"s:73:4:111:Infinity":28,"s:74:6:74:Infinity":29,"s:75:6:75:Infinity":30,"b:76:15:111:Infinity:88:15:111:Infinity":4,"s:76:15:111:Infinity":31,"s:77:22:77:87":32,"f:77:36:77:42":6,"s:77:54:77:87":33,"b:78:6:86:Infinity:undefined:undefined:undefined:undefined":5,"s:78:6:86:Infinity":34,"s:79:31:79:Infinity":35,"s:80:8:80:Infinity":36,"s:81:8:81:Infinity":37,"s:82:8:86:Infinity":38,"b:88:15:111:Infinity:100:15:111:Infinity":6,"s:88:15:111:Infinity":39,"s:89:12:89:67":40,"b:90:6:98:Infinity:undefined:undefined:undefined:undefined":7,"s:90:6:98:Infinity":41,"s:91:31:91:Infinity":42,"s:92:8:92:Infinity":43,"s:93:8:93:Infinity":44,"s:94:8:98:Infinity":45,"b:100:15:111:Infinity:undefined:undefined:undefined:undefined":8,"s:100:15:111:Infinity":46,"b:100:15:100:38:100:42:100:64":9,"s:101:20:101:42":47,"s:102:21:102:44":48,"s:103:32:103:Infinity":49,"b:104:6:111:Infinity:undefined:undefined:undefined:undefined":10,"s:104:6:111:Infinity":50,"s:105:8:105:Infinity":51,"s:106:8:111:Infinity":52,"s:118:2:174:Infinity":53,"f:118:2:118:18":7,"f:119:19:119:33":8,"s:120:6:120:Infinity":54,"s:121:20:121:22":55,"b:123:6:163:Infinity:129:17:163:Infinity":11,"s:123:6:163:Infinity":56,"b:123:10:123:27:123:27:123:44":12,"b:124:8:127:Infinity:126:15:127:Infinity":13,"s:124:8:127:Infinity":57,"s:125:10:125:Infinity":58,"f:125:47:125:55":9,"s:125:65:125:96":59,"s:127:10:127:Infinity":60,"b:129:17:163:Infinity:undefined:undefined:undefined:undefined":14,"s:129:17:163:Infinity":61,"s:130:32:130:Infinity":62,"b:133:10:140:Infinity:142:10:145:Infinity:147:10:154:Infinity:156:10:160:Infinity:162:10:163:Infinity":15,"s:132:8:163:Infinity":63,"s:134:43:134:Infinity":64,"s:135:28:135:86":65,"f:135:42:135:48":10,"s:135:60:135:86":66,"b:136:12:138:Infinity:undefined:undefined:undefined:undefined":16,"s:136:12:138:Infinity":67,"s:137:14:137:Infinity":68,"s:138:14:138:Infinity":69,"s:140:12:140:Infinity":70,"s:143:31:143:Infinity":71,"s:144:12:144:Infinity":72,"s:145:12:145:Infinity":73,"s:148:43:148:Infinity":74,"s:149:18:149:76":75,"b:150:12:152:Infinity:undefined:undefined:undefined:undefined":17,"s:150:12:152:Infinity":76,"s:151:14:151:Infinity":77,"s:152:14:152:Infinity":78,"s:154:12:154:Infinity":79,"s:157:31:157:Infinity":80,"s:158:31:158:Infinity":81,"s:159:12:159:Infinity":82,"s:160:12:160:Infinity":83,"s:163:12:163:Infinity":84,"s:167:6:167:Infinity":85,"s:168:6:168:Infinity":86,"s:169:6:169:Infinity":87,"b:171:4:172:Infinity:undefined:undefined:undefined:undefined":18,"s:171:4:172:Infinity":88,"s:172:6:172:Infinity":89,"s:178:2:183:Infinity":90,"f:178:2:178:18":11,"b:179:4:179:Infinity:undefined:undefined:undefined:undefined":19,"s:179:4:179:Infinity":91,"b:179:8:179:24:179:24:179:40":20,"s:179:40:179:Infinity":92,"b:180:4:180:Infinity:undefined:undefined:undefined:undefined":21,"s:180:4:180:Infinity":93,"s:180:38:180:Infinity":94,"s:181:20:181:86":95,"f:181:36:181:44":12,"s:181:54:181:85":96,"s:182:4:182:Infinity":97,"s:187:24:187:56":98,"s:190:24:190:Infinity":99,"s:191:8:193:Infinity":100,"f:191:21:191:Infinity":13,"s:192:10:192:59":101,"s:195:8:199:45":102,"f:195:23:195:37":14,"s:196:18:196:Infinity":103,"s:197:30:197:96":104,"f:197:46:197:54":15,"s:197:64:197:95":105,"s:198:4:198:Infinity":106,"s:202:8:202:35":107,"s:205:8:205:37":108,"s:207:2:248:Infinity":109,"f:207:2:207:18":16,"b:208:4:246:Infinity:245:11:246:Infinity":22,"s:208:4:246:Infinity":110,"s:209:32:209:95":111,"f:209:45:209:53":17,"s:209:63:209:94":112,"s:212:31:212:41":113,"s:213:6:213:Infinity":114,"s:215:23:215:Infinity":115,"b:217:6:222:Infinity:undefined:undefined:undefined:undefined":23,"s:217:6:222:Infinity":116,"s:218:29:218:60":117,"b:219:8:222:Infinity:undefined:undefined:undefined:undefined":24,"s:219:8:222:Infinity":118,"s:220:10:220:Infinity":119,"s:222:10:222:Infinity":120,"s:226:6:244:Infinity":121,"f:226:83:226:89":18,"b:228:8:230:Infinity:undefined:undefined:undefined:undefined":25,"s:228:8:230:Infinity":122,"s:230:10:230:Infinity":123,"s:232:28:236:11":124,"f:232:33:232:38":19,"s:232:52:236:11":125,"s:237:8:237:Infinity":126,"b:241:8:242:Infinity:undefined:undefined:undefined:undefined":26,"s:241:8:242:Infinity":127,"s:242:10:242:Infinity":128,"s:246:6:246:Infinity":129,"s:251:16:295:Infinity":130,"s:297:2:297:Infinity":131,"f:300:16:300:28":20,"s:301:8:301:43":132,"b:302:2:303:Infinity:undefined:undefined:undefined:undefined":27,"s:302:2:303:Infinity":133,"s:303:4:303:Infinity":134,"s:305:2:305:Infinity":135},"fnNames":{}}}
,"/home/enjalot/code/latent-scope/web/src/contexts/ScopeContext.jsx": {"path":"/home/enjalot/code/latent-scope/web/src/contexts/ScopeContext.jsx","statementMap":{"0":{"start":{"line":7,"column":6},"end":{"line":7,"column":40}},"1":{"start":{"line":10,"column":51},"end":{"line":10,"column":74}},"2":{"start":{"line":13,"column":16},"end":{"line":13,"column":42}},"3":{"start":{"line":14,"column":18},"end":{"line":14,"column":46}},"4":{"start":{"line":15,"column":14},"end":{"line":15,"column":38}},"5":{"start":{"line":17,"column":22},"end":{"line":17,"column":55}},"6":{"start":{"line":19,"column":2},"end":{"line":30,"column":null}},"7":{"start":{"line":20,"column":4},"end":{"line":29,"column":null}},"8":{"start":{"line":21,"column":6},"end":{"line":25,"column":null}},"9":{"start":{"line":22,"column":8},"end":{"line":22,"column":null}},"10":{"start":{"line":24,"column":8},"end":{"line":24,"column":null}},"11":{"start":{"line":25,"column":8},"end":{"line":25,"column":null}},"12":{"start":{"line":27,"column":6},"end":{"line":27,"column":null}},"13":{"start":{"line":28,"column":6},"end":{"line":28,"column":null}},"14":{"start":{"line":32,"column":19},"end":{"line":32,"column":46}},"15":{"start":{"line":34,"column":17},"end":{"line":34,"column":42}},"16":{"start":{"line":35,"column":2},"end":{"line":37,"column":null}},"17":{"start":{"line":36,"column":4},"end":{"line":36,"column":null}},"18":{"start":{"line":39,"column":21},"end":{"line":39,"column":50}},"19":{"start":{"line":40,"column":2},"end":{"line":42,"column":null}},"20":{"start":{"line":41,"column":4},"end":{"line":41,"column":null}},"21":{"start":{"line":44,"column":17},"end":{"line":44,"column":42}},"22":{"start":{"line":45,"column":8},"end":{"line":47,"column":17}},"23":{"start":{"line":46,"column":4},"end":{"line":46,"column":null}},"24":{"start":{"line":49,"column":2},"end":{"line":51,"column":null}},"25":{"start":{"line":50,"column":4},"end":{"line":50,"column":null}},"26":{"start":{"line":53,"column":8},"end":{"line":53,"column":59}},"27":{"start":{"line":53,"column":29},"end":{"line":53,"column":48}},"28":{"start":{"line":55,"column":2},"end":{"line":71,"column":null}},"29":{"start":{"line":56,"column":4},"end":{"line":68,"column":null}},"30":{"start":{"line":57,"column":22},"end":{"line":57,"column":72}},"31":{"start":{"line":57,"column":45},"end":{"line":57,"column":72}},"32":{"start":{"line":58,"column":6},"end":{"line":68,"column":null}},"33":{"start":{"line":59,"column":8},"end":{"line":68,"column":null}},"34":{"start":{"line":60,"column":10},"end":{"line":67,"column":null}},"35":{"start":{"line":61,"column":12},"end":{"line":65,"column":null}},"36":{"start":{"line":62,"column":14},"end":{"line":62,"column":null}},"37":{"start":{"line":63,"column":14},"end":{"line":63,"column":null}},"38":{"start":{"line":64,"column":14},"end":{"line":64,"column":null}},"39":{"start":{"line":66,"column":12},"end":{"line":66,"column":null}},"40":{"start":{"line":73,"column":21},"end":{"line":73,"column":50}},"41":{"start":{"line":74,"column":25},"end":{"line":74,"column":58}},"42":{"start":{"line":75,"column":24},"end":{"line":75,"column":56}},"43":{"start":{"line":77,"column":20},"end":{"line":77,"column":48}},"44":{"start":{"line":79,"column":25},"end":{"line":79,"column":58}},"45":{"start":{"line":81,"column":8},"end":{"line":110,"column":32}},"46":{"start":{"line":82,"column":4},"end":{"line":109,"column":null}},"47":{"start":{"line":83,"column":6},"end":{"line":83,"column":null}},"48":{"start":{"line":84,"column":23},"end":{"line":84,"column":25}},"49":{"start":{"line":85,"column":31},"end":{"line":85,"column":40}},"50":{"start":{"line":88,"column":26},"end":{"line":88,"column":86}},"51":{"start":{"line":88,"column":66},"end":{"line":88,"column":86}},"52":{"start":{"line":90,"column":6},"end":{"line":97,"column":null}},"53":{"start":{"line":91,"column":24},"end":{"line":91,"column":null}},"54":{"start":{"line":92,"column":8},"end":{"line":92,"column":null}},"55":{"start":{"line":93,"column":8},"end":{"line":93,"column":null}},"56":{"start":{"line":94,"column":8},"end":{"line":95,"column":null}},"57":{"start":{"line":95,"column":10},"end":{"line":95,"column":null}},"58":{"start":{"line":101,"column":6},"end":{"line":101,"column":null}},"59":{"start":{"line":103,"column":25},"end":{"line":103,"column":85}},"60":{"start":{"line":103,"column":51},"end":{"line":103,"column":84}},"61":{"start":{"line":104,"column":6},"end":{"line":104,"column":null}},"62":{"start":{"line":105,"column":6},"end":{"line":105,"column":null}},"63":{"start":{"line":105,"column":45},"end":{"line":105,"column":55}},"64":{"start":{"line":106,"column":6},"end":{"line":106,"column":null}},"65":{"start":{"line":107,"column":6},"end":{"line":107,"column":null}},"66":{"start":{"line":107,"column":48},"end":{"line":107,"column":58}},"67":{"start":{"line":107,"column":70},"end":{"line":107,"column":81}},"68":{"start":{"line":108,"column":6},"end":{"line":108,"column":null}},"69":{"start":{"line":112,"column":2},"end":{"line":114,"column":null}},"70":{"start":{"line":113,"column":4},"end":{"line":113,"column":null}},"71":{"start":{"line":113,"column":15},"end":{"line":113,"column":null}},"72":{"start":{"line":116,"column":16},"end":{"line":133,"column":null}},"73":{"start":{"line":135,"column":2},"end":{"line":135,"column":null}},"74":{"start":{"line":139,"column":8},"end":{"line":139,"column":42}},"75":{"start":{"line":140,"column":2},"end":{"line":141,"column":null}},"76":{"start":{"line":141,"column":4},"end":{"line":141,"column":null}},"77":{"start":{"line":143,"column":2},"end":{"line":143,"column":null}}},"fnMap":{"0":{"name":"ScopeProvider","decl":{"start":{"line":9,"column":16},"end":{"line":9,"column":30}},"loc":{"start":{"line":9,"column":44},"end":{"line":135,"column":null}},"line":9},"1":{"name":"(anonymous_1)","decl":{"start":{"line":19,"column":2},"end":{"line":19,"column":18}},"loc":{"start":{"line":19,"column":18},"end":{"line":30,"column":6}},"line":19},"2":{"name":"(anonymous_2)","decl":{"start":{"line":20,"column":46},"end":{"line":20,"column":52}},"loc":{"start":{"line":20,"column":62},"end":{"line":29,"column":null}},"line":20},"3":{"name":"(anonymous_3)","decl":{"start":{"line":35,"column":2},"end":{"line":35,"column":18}},"loc":{"start":{"line":35,"column":18},"end":{"line":37,"column":6}},"line":35},"4":{"name":"(anonymous_4)","decl":{"start":{"line":40,"column":2},"end":{"line":40,"column":18}},"loc":{"start":{"line":40,"column":18},"end":{"line":42,"column":6}},"line":40},"5":{"name":"(anonymous_5)","decl":{"start":{"line":45,"column":22},"end":{"line":45,"column":40}},"loc":{"start":{"line":45,"column":40},"end":{"line":47,"column":6}},"line":45},"6":{"name":"(anonymous_6)","decl":{"start":{"line":49,"column":2},"end":{"line":49,"column":18}},"loc":{"start":{"line":49,"column":18},"end":{"line":51,"column":6}},"line":49},"7":{"name":"(anonymous_7)","decl":{"start":{"line":53,"column":15},"end":{"line":53,"column":29}},"loc":{"start":{"line":53,"column":29},"end":{"line":53,"column":48}},"line":53},"8":{"name":"(anonymous_8)","decl":{"start":{"line":55,"column":2},"end":{"line":55,"column":18}},"loc":{"start":{"line":55,"column":18},"end":{"line":71,"column":6}},"line":55},"9":{"name":"(anonymous_9)","decl":{"start":{"line":57,"column":33},"end":{"line":57,"column":39}},"loc":{"start":{"line":57,"column":45},"end":{"line":57,"column":72}},"line":57},"10":{"name":"(anonymous_10)","decl":{"start":{"line":59,"column":70},"end":{"line":59,"column":76}},"loc":{"start":{"line":59,"column":84},"end":{"line":68,"column":null}},"line":59},"11":{"name":"(anonymous_11)","decl":{"start":{"line":60,"column":60},"end":{"line":60,"column":66}},"loc":{"start":{"line":60,"column":76},"end":{"line":67,"column":null}},"line":60},"12":{"name":"(anonymous_12)","decl":{"start":{"line":61,"column":18},"end":{"line":61,"column":27}},"loc":{"start":{"line":61,"column":37},"end":{"line":65,"column":null}},"line":61},"13":{"name":"(anonymous_13)","decl":{"start":{"line":81,"column":25},"end":{"line":81,"column":43}},"loc":{"start":{"line":81,"column":43},"end":{"line":110,"column":6}},"line":81},"14":{"name":"(anonymous_14)","decl":{"start":{"line":82,"column":51},"end":{"line":82,"column":57}},"loc":{"start":{"line":82,"column":71},"end":{"line":109,"column":null}},"line":82},"15":{"name":"(anonymous_15)","decl":{"start":{"line":88,"column":54},"end":{"line":88,"column":59}},"loc":{"start":{"line":88,"column":66},"end":{"line":88,"column":86}},"line":88},"16":{"name":"(anonymous_16)","decl":{"start":{"line":90,"column":16},"end":{"line":90,"column":25}},"loc":{"start":{"line":90,"column":31},"end":{"line":97,"column":null}},"line":90},"17":{"name":"(anonymous_17)","decl":{"start":{"line":103,"column":37},"end":{"line":103,"column":45}},"loc":{"start":{"line":103,"column":51},"end":{"line":103,"column":84}},"line":103},"18":{"name":"(anonymous_18)","decl":{"start":{"line":105,"column":34},"end":{"line":105,"column":39}},"loc":{"start":{"line":105,"column":45},"end":{"line":105,"column":55}},"line":105},"19":{"name":"(anonymous_19)","decl":{"start":{"line":107,"column":34},"end":{"line":107,"column":42}},"loc":{"start":{"line":107,"column":48},"end":{"line":107,"column":58}},"line":107},"20":{"name":"(anonymous_20)","decl":{"start":{"line":107,"column":59},"end":{"line":107,"column":64}},"loc":{"start":{"line":107,"column":70},"end":{"line":107,"column":81}},"line":107},"21":{"name":"(anonymous_21)","decl":{"start":{"line":112,"column":2},"end":{"line":112,"column":18}},"loc":{"start":{"line":112,"column":18},"end":{"line":114,"column":6}},"line":112},"22":{"name":"useScope","decl":{"start":{"line":138,"column":16},"end":{"line":138,"column":27}},"loc":{"start":{"line":138,"column":27},"end":{"line":143,"column":null}},"line":138}},"branchMap":{"0":{"loc":{"start":{"line":21,"column":6},"end":{"line":25,"column":null}},"type":"if","locations":[{"start":{"line":21,"column":6},"end":{"line":25,"column":null}},{"start":{"line":23,"column":13},"end":{"line":25,"column":null}}],"line":21},"1":{"loc":{"start":{"line":56,"column":4},"end":{"line":68,"column":null}},"type":"if","locations":[{"start":{"line":56,"column":4},"end":{"line":68,"column":null}},{"start":{},"end":{}}],"line":56},"2":{"loc":{"start":{"line":56,"column":8},"end":{"line":56,"column":36}},"type":"binary-expr","locations":[{"start":{"line":56,"column":8},"end":{"line":56,"column":15}},{"start":{"line":56,"column":15},"end":{"line":56,"column":29}},{"start":{"line":56,"column":29},"end":{"line":56,"column":36}}],"line":56},"3":{"loc":{"start":{"line":58,"column":6},"end":{"line":68,"column":null}},"type":"if","locations":[{"start":{"line":58,"column":6},"end":{"line":68,"column":null}},{"start":{},"end":{}}],"line":58},"4":{"loc":{"start":{"line":58,"column":10},"end":{"line":58,"column":57}},"type":"binary-expr","locations":[{"start":{"line":58,"column":10},"end":{"line":58,"column":23}},{"start":{"line":58,"column":23},"end":{"line":58,"column":57}}],"line":58},"5":{"loc":{"start":{"line":94,"column":8},"end":{"line":95,"column":null}},"type":"if","locations":[{"start":{"line":94,"column":8},"end":{"line":95,"column":null}},{"start":{},"end":{}}],"line":94},"6":{"loc":{"start":{"line":113,"column":4},"end":{"line":113,"column":null}},"type":"if","locations":[{"start":{"line":113,"column":4},"end":{"line":113,"column":null}},{"start":{},"end":{}}],"line":113},"7":{"loc":{"start":{"line":140,"column":2},"end":{"line":141,"column":null}},"type":"if","locations":[{"start":{"line":140,"column":2},"end":{"line":141,"column":null}},{"start":{},"end":{}}],"line":140}},"s":{"0":2,"1":36,"2":36,"3":36,"4":36,"5":36,"6":36,"7":12,"8":12,"9":0,"10":12,"11":12,"12":12,"13":12,"14":36,"15":36,"16":36,"17":12,"18":36,"19":36,"20":12,"21":36,"22":36,"23":12,"24":36,"25":12,"26":36,"27":24,"28":36,"29":24,"30":0,"31":0,"32":0,"33":0,"34":0,"35":0,"36":0,"37":0,"38":0,"39":0,"40":36,"41":36,"42":36,"43":36,"44":36,"45":36,"46":12,"47":12,"48":12,"49":12,"50":12,"51":29,"52":12,"53":131,"54":131,"55":131,"56":131,"57":119,"58":12,"59":12,"60":29,"61":12,"62":12,"63":131,"64":12,"65":12,"66":131,"67":12,"68":12,"69":36,"70":24,"71":12,"72":36,"73":36,"74":61,"75":61,"76":4,"77":56},"f":{"0":36,"1":12,"2":12,"3":12,"4":12,"5":12,"6":12,"7":24,"8":24,"9":0,"10":0,"11":0,"12":0,"13":12,"14":12,"15":29,"16":131,"17":29,"18":131,"19":131,"20":12,"21":24,"22":61},"b":{"0":[0,12],"1":[0,24],"2":[24,0,0],"3":[0,0],"4":[0,0],"5":[119,12],"6":[12,12],"7":[4,57]},"meta":{"lastBranch":8,"lastFunction":23,"lastStatement":78,"seen":{"s:7:6:7:40":0,"f:9:16:9:30":0,"s:10:51:10:74":1,"s:13:16:13:42":2,"s:14:18:14:46":3,"s:15:14:15:38":4,"s:17:22:17:55":5,"s:19:2:30:Infinity":6,"f:19:2:19:18":1,"s:20:4:29:Infinity":7,"f:20:46:20:52":2,"b:21:6:25:Infinity:23:13:25:Infinity":0,"s:21:6:25:Infinity":8,"s:22:8:22:Infinity":9,"s:24:8:24:Infinity":10,"s:25:8:25:Infinity":11,"s:27:6:27:Infinity":12,"s:28:6:28:Infinity":13,"s:32:19:32:46":14,"s:34:17:34:42":15,"s:35:2:37:Infinity":16,"f:35:2:35:18":3,"s:36:4:36:Infinity":17,"s:39:21:39:50":18,"s:40:2:42:Infinity":19,"f:40:2:40:18":4,"s:41:4:41:Infinity":20,"s:44:17:44:42":21,"s:45:8:47:17":22,"f:45:22:45:40":5,"s:46:4:46:Infinity":23,"s:49:2:51:Infinity":24,"f:49:2:49:18":6,"s:50:4:50:Infinity":25,"s:53:8:53:59":26,"f:53:15:53:29":7,"s:53:29:53:48":27,"s:55:2:71:Infinity":28,"f:55:2:55:18":8,"b:56:4:68:Infinity:undefined:undefined:undefined:undefined":1,"s:56:4:68:Infinity":29,"b:56:8:56:15:56:15:56:29:56:29:56:36":2,"s:57:22:57:72":30,"f:57:33:57:39":9,"s:57:45:57:72":31,"b:58:6:68:Infinity:undefined:undefined:undefined:undefined":3,"s:58:6:68:Infinity":32,"b:58:10:58:23:58:23:58:57":4,"s:59:8:68:Infinity":33,"f:59:70:59:76":10,"s:60:10:67:Infinity":34,"f:60:60:60:66":11,"s:61:12:65:Infinity":35,"f:61:18:61:27":12,"s:62:14:62:Infinity":36,"s:63:14:63:Infinity":37,"s:64:14:64:Infinity":38,"s:66:12:66:Infinity":39,"s:73:21:73:50":40,"s:74:25:74:58":41,"s:75:24:75:56":42,"s:77:20:77:48":43,"s:79:25:79:58":44,"s:81:8:110:32":45,"f:81:25:81:43":13,"s:82:4:109:Infinity":46,"f:82:51:82:57":14,"s:83:6:83:Infinity":47,"s:84:23:84:25":48,"s:85:31:85:40":49,"s:88:26:88:86":50,"f:88:54:88:59":15,"s:88:66:88:86":51,"s:90:6:97:Infinity":52,"f:90:16:90:25":16,"s:91:24:91:Infinity":53,"s:92:8:92:Infinity":54,"s:93:8:93:Infinity":55,"b:94:8:95:Infinity:undefined:undefined:undefined:undefined":5,"s:94:8:95:Infinity":56,"s:95:10:95:Infinity":57,"s:101:6:101:Infinity":58,"s:103:25:103:85":59,"f:103:37:103:45":17,"s:103:51:103:84":60,"s:104:6:104:Infinity":61,"s:105:6:105:Infinity":62,"f:105:34:105:39":18,"s:105:45:105:55":63,"s:106:6:106:Infinity":64,"s:107:6:107:Infinity":65,"f:107:34:107:42":19,"s:107:48:107:58":66,"f:107:59:107:64":20,"s:107:70:107:81":67,"s:108:6:108:Infinity":68,"s:112:2:114:Infinity":69,"f:112:2:112:18":21,"b:113:4:113:Infinity:undefined:undefined:undefined:undefined":6,"s:113:4:113:Infinity":70,"s:113:15:113:Infinity":71,"s:116:16:133:Infinity":72,"s:135:2:135:Infinity":73,"f:138:16:138:27":22,"s:139:8:139:42":74,"b:140:2:141:Infinity:undefined:undefined:undefined:undefined":7,"s:140:2:141:Infinity":75,"s:141:4:141:Infinity":76,"s:143:2:143:Infinity":77},"fnNames":{}}}
,"/home/enjalot/code/latent-scope/web/src/lib/apiService.js": {"path":"/home/enjalot/code/latent-scope/web/src/lib/apiService.js","statementMap":{"0":{"start":{"line":1,"column":22},"end":{"line":1,"column":null}},"1":{"start":{"line":3,"column":44},"end":{"line":3,"column":null}},"2":{"start":{"line":5,"column":26},"end":{"line":421,"column":1}},"3":{"start":{"line":7,"column":4},"end":{"line":12,"column":null}},"4":{"start":{"line":8,"column":26},"end":{"line":8,"column":41}},"5":{"start":{"line":10,"column":8},"end":{"line":10,"column":null}},"6":{"start":{"line":11,"column":8},"end":{"line":11,"column":null}},"7":{"start":{"line":15,"column":4},"end":{"line":17,"column":null}},"8":{"start":{"line":16,"column":20},"end":{"line":16,"column":null}},"9":{"start":{"line":20,"column":4},"end":{"line":22,"column":null}},"10":{"start":{"line":21,"column":6},"end":{"line":21,"column":null}},"11":{"start":{"line":25,"column":4},"end":{"line":30,"column":null}},"12":{"start":{"line":26,"column":26},"end":{"line":26,"column":41}},"13":{"start":{"line":28,"column":23},"end":{"line":28,"column":68}},"14":{"start":{"line":28,"column":43},"end":{"line":28,"column":67}},"15":{"start":{"line":29,"column":8},"end":{"line":29,"column":null}},"16":{"start":{"line":33,"column":4},"end":{"line":33,"column":null}},"17":{"start":{"line":33,"column":82},"end":{"line":33,"column":97}},"18":{"start":{"line":36,"column":4},"end":{"line":46,"column":null}},"19":{"start":{"line":37,"column":26},"end":{"line":37,"column":41}},"20":{"start":{"line":39,"column":22},"end":{"line":44,"column":10}},"21":{"start":{"line":40,"column":10},"end":{"line":43,"column":null}},"22":{"start":{"line":45,"column":8},"end":{"line":45,"column":null}},"23":{"start":{"line":49,"column":4},"end":{"line":59,"column":null}},"24":{"start":{"line":50,"column":26},"end":{"line":50,"column":41}},"25":{"start":{"line":52,"column":22},"end":{"line":57,"column":10}},"26":{"start":{"line":53,"column":10},"end":{"line":56,"column":null}},"27":{"start":{"line":58,"column":8},"end":{"line":58,"column":null}},"28":{"start":{"line":62,"column":4},"end":{"line":64,"column":null}},"29":{"start":{"line":63,"column":20},"end":{"line":63,"column":null}},"30":{"start":{"line":67,"column":4},"end":{"line":69,"column":null}},"31":{"start":{"line":69,"column":26},"end":{"line":69,"column":41}},"32":{"start":{"line":72,"column":4},"end":{"line":74,"column":null}},"33":{"start":{"line":73,"column":20},"end":{"line":73,"column":null}},"34":{"start":{"line":77,"column":4},"end":{"line":79,"column":null}},"35":{"start":{"line":79,"column":25},"end":{"line":79,"column":40}},"36":{"start":{"line":82,"column":4},"end":{"line":82,"column":null}},"37":{"start":{"line":82,"column":73},"end":{"line":82,"column":88}},"38":{"start":{"line":85,"column":4},"end":{"line":85,"column":null}},"39":{"start":{"line":85,"column":80},"end":{"line":85,"column":95}},"40":{"start":{"line":88,"column":4},"end":{"line":88,"column":null}},"41":{"start":{"line":88,"column":75},"end":{"line":88,"column":90}},"42":{"start":{"line":91,"column":16},"end":{"line":91,"column":29}},"43":{"start":{"line":92,"column":14},"end":{"line":92,"column":132}},"44":{"start":{"line":93,"column":4},"end":{"line":95,"column":null}},"45":{"start":{"line":94,"column":6},"end":{"line":94,"column":null}},"46":{"start":{"line":96,"column":4},"end":{"line":110,"column":null}},"47":{"start":{"line":97,"column":26},"end":{"line":97,"column":41}},"48":{"start":{"line":100,"column":20},"end":{"line":108,"column":10}},"49":{"start":{"line":101,"column":10},"end":{"line":107,"column":null}},"50":{"start":{"line":109,"column":8},"end":{"line":109,"column":null}},"51":{"start":{"line":113,"column":16},"end":{"line":113,"column":19}},"52":{"start":{"line":114,"column":14},"end":{"line":114,"column":186}},"53":{"start":{"line":115,"column":4},"end":{"line":117,"column":null}},"54":{"start":{"line":116,"column":6},"end":{"line":116,"column":null}},"55":{"start":{"line":118,"column":4},"end":{"line":135,"column":null}},"56":{"start":{"line":119,"column":26},"end":{"line":119,"column":41}},"57":{"start":{"line":122,"column":20},"end":{"line":133,"column":22}},"58":{"start":{"line":123,"column":25},"end":{"line":123,"column":86}},"59":{"start":{"line":125,"column":12},"end":{"line":131,"column":null}},"60":{"start":{"line":134,"column":8},"end":{"line":134,"column":null}},"61":{"start":{"line":138,"column":16},"end":{"line":138,"column":30}},"62":{"start":{"line":139,"column":14},"end":{"line":139,"column":125}},"63":{"start":{"line":140,"column":4},"end":{"line":142,"column":null}},"64":{"start":{"line":141,"column":6},"end":{"line":141,"column":null}},"65":{"start":{"line":143,"column":4},"end":{"line":157,"column":null}},"66":{"start":{"line":144,"column":26},"end":{"line":144,"column":41}},"67":{"start":{"line":146,"column":8},"end":{"line":156,"column":null}},"68":{"start":{"line":147,"column":21},"end":{"line":147,"column":98}},"69":{"start":{"line":148,"column":10},"end":{"line":155,"column":null}},"70":{"start":{"line":160,"column":4},"end":{"line":175,"column":null}},"71":{"start":{"line":161,"column":26},"end":{"line":161,"column":41}},"72":{"start":{"line":163,"column":8},"end":{"line":170,"column":null}},"73":{"start":{"line":164,"column":10},"end":{"line":169,"column":null}},"74":{"start":{"line":173,"column":8},"end":{"line":173,"column":null}},"75":{"start":{"line":178,"column":32},"end":{"line":178,"column":53}},"76":{"start":{"line":179,"column":25},"end":{"line":185,"column":6}},"77":{"start":{"line":187,"column":31},"end":{"line":187,"column":79}},"78":{"start":{"line":188,"column":4},"end":{"line":201,"column":null}},"79":{"start":{"line":189,"column":26},"end":{"line":189,"column":41}},"80":{"start":{"line":191,"column":20},"end":{"line":191,"column":22}},"81":{"start":{"line":192,"column":19},"end":{"line":195,"column":10}},"82":{"start":{"line":193,"column":10},"end":{"line":193,"column":null}},"83":{"start":{"line":194,"column":10},"end":{"line":194,"column":null}},"84":{"start":{"line":196,"column":8},"end":{"line":200,"column":null}},"85":{"start":{"line":204,"column":25},"end":{"line":210,"column":6}},"86":{"start":{"line":211,"column":4},"end":{"line":213,"column":null}},"87":{"start":{"line":212,"column":6},"end":{"line":212,"column":null}},"88":{"start":{"line":216,"column":4},"end":{"line":218,"column":null}},"89":{"start":{"line":217,"column":6},"end":{"line":217,"column":null}},"90":{"start":{"line":221,"column":4},"end":{"line":237,"column":null}},"91":{"start":{"line":228,"column":26},"end":{"line":228,"column":41}},"92":{"start":{"line":230,"column":19},"end":{"line":235,"column":10}},"93":{"start":{"line":231,"column":10},"end":{"line":234,"column":null}},"94":{"start":{"line":236,"column":8},"end":{"line":236,"column":null}},"95":{"start":{"line":240,"column":4},"end":{"line":242,"column":null}},"96":{"start":{"line":241,"column":20},"end":{"line":241,"column":null}},"97":{"start":{"line":245,"column":4},"end":{"line":247,"column":null}},"98":{"start":{"line":246,"column":20},"end":{"line":246,"column":null}},"99":{"start":{"line":250,"column":4},"end":{"line":255,"column":null}},"100":{"start":{"line":251,"column":26},"end":{"line":251,"column":41}},"101":{"start":{"line":253,"column":8},"end":{"line":253,"column":null}},"102":{"start":{"line":254,"column":8},"end":{"line":254,"column":null}},"103":{"start":{"line":258,"column":4},"end":{"line":258,"column":null}},"104":{"start":{"line":258,"column":68},"end":{"line":258,"column":83}},"105":{"start":{"line":261,"column":4},"end":{"line":263,"column":null}},"106":{"start":{"line":262,"column":6},"end":{"line":262,"column":null}},"107":{"start":{"line":266,"column":4},"end":{"line":268,"column":null}},"108":{"start":{"line":268,"column":25},"end":{"line":268,"column":40}},"109":{"start":{"line":271,"column":4},"end":{"line":271,"column":null}},"110":{"start":{"line":271,"column":76},"end":{"line":271,"column":91}},"111":{"start":{"line":274,"column":4},"end":{"line":276,"column":null}},"112":{"start":{"line":275,"column":6},"end":{"line":275,"column":null}},"113":{"start":{"line":279,"column":4},"end":{"line":279,"column":null}},"114":{"start":{"line":279,"column":57},"end":{"line":279,"column":72}},"115":{"start":{"line":282,"column":4},"end":{"line":282,"column":null}},"116":{"start":{"line":282,"column":58},"end":{"line":282,"column":73}},"117":{"start":{"line":285,"column":4},"end":{"line":285,"column":null}},"118":{"start":{"line":285,"column":83},"end":{"line":285,"column":98}},"119":{"start":{"line":288,"column":4},"end":{"line":288,"column":null}},"120":{"start":{"line":288,"column":58},"end":{"line":288,"column":73}},"121":{"start":{"line":291,"column":4},"end":{"line":291,"column":null}},"122":{"start":{"line":291,"column":70},"end":{"line":291,"column":85}},"123":{"start":{"line":294,"column":4},"end":{"line":300,"column":null}},"124":{"start":{"line":300,"column":26},"end":{"line":300,"column":41}},"125":{"start":{"line":303,"column":4},"end":{"line":305,"column":null}},"126":{"start":{"line":305,"column":26},"end":{"line":305,"column":41}},"127":{"start":{"line":308,"column":4},"end":{"line":308,"column":null}},"128":{"start":{"line":308,"column":80},"end":{"line":308,"column":95}},"129":{"start":{"line":311,"column":4},"end":{"line":317,"column":null}},"130":{"start":{"line":317,"column":26},"end":{"line":317,"column":41}},"131":{"start":{"line":320,"column":4},"end":{"line":322,"column":null}},"132":{"start":{"line":322,"column":26},"end":{"line":322,"column":41}},"133":{"start":{"line":325,"column":19},"end":{"line":325,"column":48}},"134":{"start":{"line":326,"column":4},"end":{"line":342,"column":null}},"135":{"start":{"line":327,"column":6},"end":{"line":341,"column":null}},"136":{"start":{"line":331,"column":20},"end":{"line":338,"column":12}},"137":{"start":{"line":332,"column":12},"end":{"line":337,"column":null}},"138":{"start":{"line":339,"column":10},"end":{"line":339,"column":null}},"139":{"start":{"line":345,"column":4},"end":{"line":347,"column":null}},"140":{"start":{"line":346,"column":6},"end":{"line":346,"column":null}},"141":{"start":{"line":350,"column":4},"end":{"line":364,"column":null}},"142":{"start":{"line":361,"column":26},"end":{"line":361,"column":41}},"143":{"start":{"line":363,"column":8},"end":{"line":363,"column":null}},"144":{"start":{"line":367,"column":4},"end":{"line":367,"column":null}},"145":{"start":{"line":367,"column":75},"end":{"line":367,"column":90}},"146":{"start":{"line":370,"column":4},"end":{"line":372,"column":null}},"147":{"start":{"line":371,"column":6},"end":{"line":371,"column":null}},"148":{"start":{"line":375,"column":4},"end":{"line":381,"column":null}},"149":{"start":{"line":381,"column":26},"end":{"line":381,"column":41}},"150":{"start":{"line":386,"column":19},"end":{"line":391,"column":6}},"151":{"start":{"line":392,"column":4},"end":{"line":392,"column":null}},"152":{"start":{"line":392,"column":74},"end":{"line":392,"column":89}},"153":{"start":{"line":395,"column":19},"end":{"line":399,"column":6}},"154":{"start":{"line":400,"column":4},"end":{"line":400,"column":null}},"155":{"start":{"line":400,"column":73},"end":{"line":400,"column":88}},"156":{"start":{"line":403,"column":19},"end":{"line":406,"column":6}},"157":{"start":{"line":407,"column":4},"end":{"line":407,"column":null}},"158":{"start":{"line":407,"column":76},"end":{"line":407,"column":91}},"159":{"start":{"line":410,"column":19},"end":{"line":416,"column":6}},"160":{"start":{"line":417,"column":4},"end":{"line":419,"column":null}},"161":{"start":{"line":418,"column":6},"end":{"line":418,"column":null}}},"fnMap":{"0":{"name":"(anonymous_0)","decl":{"start":{"line":6,"column":16},"end":{"line":6,"column":21}},"loc":{"start":{"line":6,"column":37},"end":{"line":13,"column":3}},"line":6},"1":{"name":"(anonymous_1)","decl":{"start":{"line":8,"column":12},"end":{"line":8,"column":13}},"loc":{"start":{"line":8,"column":26},"end":{"line":8,"column":41}},"line":8},"2":{"name":"(anonymous_2)","decl":{"start":{"line":9,"column":13},"end":{"line":9,"column":14}},"loc":{"start":{"line":9,"column":24},"end":{"line":12,"column":7}},"line":9},"3":{"name":"(anonymous_3)","decl":{"start":{"line":14,"column":17},"end":{"line":14,"column":22}},"loc":{"start":{"line":14,"column":50},"end":{"line":18,"column":3}},"line":14},"4":{"name":"(anonymous_4)","decl":{"start":{"line":16,"column":6},"end":{"line":16,"column":7}},"loc":{"start":{"line":16,"column":20},"end":{"line":16,"column":null}},"line":16},"5":{"name":"(anonymous_5)","decl":{"start":{"line":19,"column":14},"end":{"line":19,"column":19}},"loc":{"start":{"line":19,"column":44},"end":{"line":23,"column":3}},"line":19},"6":{"name":"(anonymous_6)","decl":{"start":{"line":20,"column":75},"end":{"line":20,"column":76}},"loc":{"start":{"line":21,"column":6},"end":{"line":21,"column":null}},"line":21},"7":{"name":"(anonymous_7)","decl":{"start":{"line":24,"column":15},"end":{"line":24,"column":20}},"loc":{"start":{"line":24,"column":36},"end":{"line":31,"column":3}},"line":24},"8":{"name":"(anonymous_8)","decl":{"start":{"line":26,"column":12},"end":{"line":26,"column":13}},"loc":{"start":{"line":26,"column":26},"end":{"line":26,"column":41}},"line":26},"9":{"name":"(anonymous_9)","decl":{"start":{"line":27,"column":12},"end":{"line":27,"column":13}},"loc":{"start":{"line":27,"column":22},"end":{"line":30,"column":7}},"line":27},"10":{"name":"(anonymous_10)","decl":{"start":{"line":28,"column":33},"end":{"line":28,"column":34}},"loc":{"start":{"line":28,"column":43},"end":{"line":28,"column":67}},"line":28},"11":{"name":"(anonymous_11)","decl":{"start":{"line":32,"column":19},"end":{"line":32,"column":24}},"loc":{"start":{"line":32,"column":40},"end":{"line":34,"column":3}},"line":32},"12":{"name":"(anonymous_12)","decl":{"start":{"line":33,"column":68},"end":{"line":33,"column":69}},"loc":{"start":{"line":33,"column":82},"end":{"line":33,"column":97}},"line":33},"13":{"name":"(anonymous_13)","decl":{"start":{"line":35,"column":14},"end":{"line":35,"column":19}},"loc":{"start":{"line":35,"column":35},"end":{"line":47,"column":3}},"line":35},"14":{"name":"(anonymous_14)","decl":{"start":{"line":37,"column":12},"end":{"line":37,"column":13}},"loc":{"start":{"line":37,"column":26},"end":{"line":37,"column":41}},"line":37},"15":{"name":"(anonymous_15)","decl":{"start":{"line":38,"column":12},"end":{"line":38,"column":13}},"loc":{"start":{"line":38,"column":22},"end":{"line":46,"column":7}},"line":38},"16":{"name":"(anonymous_16)","decl":{"start":{"line":39,"column":31},"end":{"line":39,"column":32}},"loc":{"start":{"line":39,"column":38},"end":{"line":44,"column":9}},"line":39},"17":{"name":"(anonymous_17)","decl":{"start":{"line":48,"column":17},"end":{"line":48,"column":22}},"loc":{"start":{"line":48,"column":38},"end":{"line":60,"column":3}},"line":48},"18":{"name":"(anonymous_18)","decl":{"start":{"line":50,"column":12},"end":{"line":50,"column":13}},"loc":{"start":{"line":50,"column":26},"end":{"line":50,"column":41}},"line":50},"19":{"name":"(anonymous_19)","decl":{"start":{"line":51,"column":12},"end":{"line":51,"column":13}},"loc":{"start":{"line":51,"column":22},"end":{"line":59,"column":7}},"line":51},"20":{"name":"(anonymous_20)","decl":{"start":{"line":52,"column":31},"end":{"line":52,"column":32}},"loc":{"start":{"line":52,"column":38},"end":{"line":57,"column":9}},"line":52},"21":{"name":"(anonymous_21)","decl":{"start":{"line":61,"column":24},"end":{"line":61,"column":29}},"loc":{"start":{"line":61,"column":58},"end":{"line":65,"column":3}},"line":61},"22":{"name":"(anonymous_22)","decl":{"start":{"line":63,"column":6},"end":{"line":63,"column":7}},"loc":{"start":{"line":63,"column":20},"end":{"line":63,"column":null}},"line":63},"23":{"name":"(anonymous_23)","decl":{"start":{"line":66,"column":20},"end":{"line":66,"column":25}},"loc":{"start":{"line":66,"column":54},"end":{"line":70,"column":3}},"line":66},"24":{"name":"(anonymous_24)","decl":{"start":{"line":69,"column":12},"end":{"line":69,"column":13}},"loc":{"start":{"line":69,"column":26},"end":{"line":69,"column":41}},"line":69},"25":{"name":"(anonymous_25)","decl":{"start":{"line":71,"column":23},"end":{"line":71,"column":28}},"loc":{"start":{"line":71,"column":55},"end":{"line":75,"column":3}},"line":71},"26":{"name":"(anonymous_26)","decl":{"start":{"line":73,"column":6},"end":{"line":73,"column":7}},"loc":{"start":{"line":73,"column":20},"end":{"line":73,"column":null}},"line":73},"27":{"name":"(anonymous_27)","decl":{"start":{"line":76,"column":19},"end":{"line":76,"column":24}},"loc":{"start":{"line":76,"column":67},"end":{"line":80,"column":3}},"line":76},"28":{"name":"(anonymous_28)","decl":{"start":{"line":79,"column":11},"end":{"line":79,"column":12}},"loc":{"start":{"line":79,"column":25},"end":{"line":79,"column":40}},"line":79},"29":{"name":"(anonymous_29)","decl":{"start":{"line":81,"column":22},"end":{"line":81,"column":27}},"loc":{"start":{"line":81,"column":34},"end":{"line":83,"column":3}},"line":81},"30":{"name":"(anonymous_30)","decl":{"start":{"line":82,"column":59},"end":{"line":82,"column":60}},"loc":{"start":{"line":82,"column":73},"end":{"line":82,"column":88}},"line":82},"31":{"name":"(anonymous_31)","decl":{"start":{"line":84,"column":28},"end":{"line":84,"column":33}},"loc":{"start":{"line":84,"column":40},"end":{"line":86,"column":3}},"line":84},"32":{"name":"(anonymous_32)","decl":{"start":{"line":85,"column":66},"end":{"line":85,"column":67}},"loc":{"start":{"line":85,"column":80},"end":{"line":85,"column":95}},"line":85},"33":{"name":"(anonymous_33)","decl":{"start":{"line":87,"column":23},"end":{"line":87,"column":28}},"loc":{"start":{"line":87,"column":35},"end":{"line":89,"column":3}},"line":87},"34":{"name":"(anonymous_34)","decl":{"start":{"line":88,"column":61},"end":{"line":88,"column":62}},"loc":{"start":{"line":88,"column":75},"end":{"line":88,"column":90}},"line":88},"35":{"name":"(anonymous_35)","decl":{"start":{"line":90,"column":20},"end":{"line":90,"column":25}},"loc":{"start":{"line":90,"column":37},"end":{"line":111,"column":3}},"line":90},"36":{"name":"(anonymous_36)","decl":{"start":{"line":97,"column":12},"end":{"line":97,"column":13}},"loc":{"start":{"line":97,"column":26},"end":{"line":97,"column":41}},"line":97},"37":{"name":"(anonymous_37)","decl":{"start":{"line":98,"column":12},"end":{"line":98,"column":13}},"loc":{"start":{"line":98,"column":22},"end":{"line":110,"column":7}},"line":98},"38":{"name":"(anonymous_38)","decl":{"start":{"line":100,"column":29},"end":{"line":100,"column":30}},"loc":{"start":{"line":100,"column":36},"end":{"line":108,"column":9}},"line":100},"39":{"name":"(anonymous_39)","decl":{"start":{"line":112,"column":22},"end":{"line":112,"column":27}},"loc":{"start":{"line":112,"column":39},"end":{"line":136,"column":3}},"line":112},"40":{"name":"(anonymous_40)","decl":{"start":{"line":119,"column":12},"end":{"line":119,"column":13}},"loc":{"start":{"line":119,"column":26},"end":{"line":119,"column":41}},"line":119},"41":{"name":"(anonymous_41)","decl":{"start":{"line":120,"column":12},"end":{"line":120,"column":13}},"loc":{"start":{"line":120,"column":22},"end":{"line":135,"column":7}},"line":120},"42":{"name":"(anonymous_42)","decl":{"start":{"line":123,"column":18},"end":{"line":123,"column":19}},"loc":{"start":{"line":123,"column":25},"end":{"line":123,"column":86}},"line":123},"43":{"name":"(anonymous_43)","decl":{"start":{"line":124,"column":15},"end":{"line":124,"column":16}},"loc":{"start":{"line":124,"column":22},"end":{"line":132,"column":11}},"line":124},"44":{"name":"(anonymous_44)","decl":{"start":{"line":137,"column":20},"end":{"line":137,"column":25}},"loc":{"start":{"line":137,"column":37},"end":{"line":158,"column":3}},"line":137},"45":{"name":"(anonymous_45)","decl":{"start":{"line":144,"column":12},"end":{"line":144,"column":13}},"loc":{"start":{"line":144,"column":26},"end":{"line":144,"column":41}},"line":144},"46":{"name":"(anonymous_46)","decl":{"start":{"line":145,"column":12},"end":{"line":145,"column":13}},"loc":{"start":{"line":145,"column":22},"end":{"line":157,"column":7}},"line":145},"47":{"name":"(anonymous_47)","decl":{"start":{"line":146,"column":24},"end":{"line":146,"column":25}},"loc":{"start":{"line":146,"column":31},"end":{"line":156,"column":9}},"line":146},"48":{"name":"(anonymous_48)","decl":{"start":{"line":159,"column":25},"end":{"line":159,"column":30}},"loc":{"start":{"line":159,"column":37},"end":{"line":176,"column":3}},"line":159},"49":{"name":"(anonymous_49)","decl":{"start":{"line":161,"column":12},"end":{"line":161,"column":13}},"loc":{"start":{"line":161,"column":26},"end":{"line":161,"column":41}},"line":161},"50":{"name":"(anonymous_50)","decl":{"start":{"line":162,"column":12},"end":{"line":162,"column":13}},"loc":{"start":{"line":162,"column":22},"end":{"line":171,"column":7}},"line":162},"51":{"name":"(anonymous_51)","decl":{"start":{"line":163,"column":33},"end":{"line":163,"column":34}},"loc":{"start":{"line":163,"column":40},"end":{"line":170,"column":9}},"line":163},"52":{"name":"(anonymous_52)","decl":{"start":{"line":172,"column":13},"end":{"line":172,"column":14}},"loc":{"start":{"line":172,"column":24},"end":{"line":175,"column":7}},"line":172},"53":{"name":"(anonymous_53)","decl":{"start":{"line":177,"column":26},"end":{"line":177,"column":31}},"loc":{"start":{"line":177,"column":79},"end":{"line":202,"column":3}},"line":177},"54":{"name":"(anonymous_54)","decl":{"start":{"line":189,"column":12},"end":{"line":189,"column":13}},"loc":{"start":{"line":189,"column":26},"end":{"line":189,"column":41}},"line":189},"55":{"name":"(anonymous_55)","decl":{"start":{"line":190,"column":12},"end":{"line":190,"column":13}},"loc":{"start":{"line":190,"column":22},"end":{"line":201,"column":7}},"line":190},"56":{"name":"(anonymous_56)","decl":{"start":{"line":192,"column":36},"end":{"line":192,"column":37}},"loc":{"start":{"line":192,"column":48},"end":{"line":195,"column":9}},"line":192},"57":{"name":"(anonymous_57)","decl":{"start":{"line":203,"column":20},"end":{"line":203,"column":25}},"loc":{"start":{"line":203,"column":76},"end":{"line":214,"column":3}},"line":203},"58":{"name":"(anonymous_58)","decl":{"start":{"line":211,"column":77},"end":{"line":211,"column":78}},"loc":{"start":{"line":212,"column":6},"end":{"line":212,"column":null}},"line":212},"59":{"name":"(anonymous_59)","decl":{"start":{"line":215,"column":19},"end":{"line":215,"column":24}},"loc":{"start":{"line":215,"column":48},"end":{"line":219,"column":3}},"line":215},"60":{"name":"(anonymous_60)","decl":{"start":{"line":216,"column":80},"end":{"line":216,"column":81}},"loc":{"start":{"line":217,"column":6},"end":{"line":217,"column":null}},"line":217},"61":{"name":"(anonymous_61)","decl":{"start":{"line":220,"column":24},"end":{"line":220,"column":29}},"loc":{"start":{"line":220,"column":61},"end":{"line":238,"column":3}},"line":220},"62":{"name":"(anonymous_62)","decl":{"start":{"line":228,"column":12},"end":{"line":228,"column":13}},"loc":{"start":{"line":228,"column":26},"end":{"line":228,"column":41}},"line":228},"63":{"name":"(anonymous_63)","decl":{"start":{"line":229,"column":12},"end":{"line":229,"column":13}},"loc":{"start":{"line":229,"column":22},"end":{"line":237,"column":7}},"line":229},"64":{"name":"(anonymous_64)","decl":{"start":{"line":230,"column":28},"end":{"line":230,"column":29}},"loc":{"start":{"line":230,"column":44},"end":{"line":235,"column":9}},"line":230},"65":{"name":"(anonymous_65)","decl":{"start":{"line":239,"column":31},"end":{"line":239,"column":36}},"loc":{"start":{"line":239,"column":63},"end":{"line":243,"column":3}},"line":239},"66":{"name":"(anonymous_66)","decl":{"start":{"line":241,"column":6},"end":{"line":241,"column":7}},"loc":{"start":{"line":241,"column":20},"end":{"line":241,"column":null}},"line":241},"67":{"name":"(anonymous_67)","decl":{"start":{"line":244,"column":22},"end":{"line":244,"column":27}},"loc":{"start":{"line":244,"column":63},"end":{"line":248,"column":3}},"line":244},"68":{"name":"(anonymous_68)","decl":{"start":{"line":246,"column":6},"end":{"line":246,"column":7}},"loc":{"start":{"line":246,"column":20},"end":{"line":246,"column":null}},"line":246},"69":{"name":"(anonymous_69)","decl":{"start":{"line":249,"column":23},"end":{"line":249,"column":28}},"loc":{"start":{"line":249,"column":55},"end":{"line":256,"column":3}},"line":249},"70":{"name":"(anonymous_70)","decl":{"start":{"line":251,"column":12},"end":{"line":251,"column":13}},"loc":{"start":{"line":251,"column":26},"end":{"line":251,"column":41}},"line":251},"71":{"name":"(anonymous_71)","decl":{"start":{"line":252,"column":12},"end":{"line":252,"column":13}},"loc":{"start":{"line":252,"column":22},"end":{"line":255,"column":7}},"line":252},"72":{"name":"(anonymous_72)","decl":{"start":{"line":257,"column":19},"end":{"line":257,"column":24}},"loc":{"start":{"line":257,"column":31},"end":{"line":259,"column":3}},"line":257},"73":{"name":"(anonymous_73)","decl":{"start":{"line":258,"column":54},"end":{"line":258,"column":55}},"loc":{"start":{"line":258,"column":68},"end":{"line":258,"column":83}},"line":258},"74":{"name":"(anonymous_74)","decl":{"start":{"line":260,"column":11},"end":{"line":260,"column":16}},"loc":{"start":{"line":260,"column":39},"end":{"line":264,"column":3}},"line":260},"75":{"name":"(anonymous_75)","decl":{"start":{"line":261,"column":82},"end":{"line":261,"column":83}},"loc":{"start":{"line":262,"column":6},"end":{"line":262,"column":null}},"line":262},"76":{"name":"(anonymous_76)","decl":{"start":{"line":265,"column":31},"end":{"line":265,"column":36}},"loc":{"start":{"line":265,"column":81},"end":{"line":269,"column":3}},"line":265},"77":{"name":"(anonymous_77)","decl":{"start":{"line":268,"column":11},"end":{"line":268,"column":12}},"loc":{"start":{"line":268,"column":25},"end":{"line":268,"column":40}},"line":268},"78":{"name":"(anonymous_78)","decl":{"start":{"line":270,"column":13},"end":{"line":270,"column":18}},"loc":{"start":{"line":270,"column":34},"end":{"line":272,"column":3}},"line":270},"79":{"name":"(anonymous_79)","decl":{"start":{"line":271,"column":62},"end":{"line":271,"column":63}},"loc":{"start":{"line":271,"column":76},"end":{"line":271,"column":91}},"line":271},"80":{"name":"(anonymous_80)","decl":{"start":{"line":273,"column":12},"end":{"line":273,"column":17}},"loc":{"start":{"line":273,"column":40},"end":{"line":277,"column":3}},"line":273},"81":{"name":"(anonymous_81)","decl":{"start":{"line":274,"column":71},"end":{"line":274,"column":72}},"loc":{"start":{"line":275,"column":6},"end":{"line":275,"column":null}},"line":275},"82":{"name":"(anonymous_82)","decl":{"start":{"line":278,"column":16},"end":{"line":278,"column":21}},"loc":{"start":{"line":278,"column":28},"end":{"line":280,"column":3}},"line":278},"83":{"name":"(anonymous_83)","decl":{"start":{"line":279,"column":43},"end":{"line":279,"column":44}},"loc":{"start":{"line":279,"column":57},"end":{"line":279,"column":72}},"line":279},"84":{"name":"(anonymous_84)","decl":{"start":{"line":281,"column":17},"end":{"line":281,"column":22}},"loc":{"start":{"line":281,"column":29},"end":{"line":283,"column":3}},"line":281},"85":{"name":"(anonymous_85)","decl":{"start":{"line":282,"column":44},"end":{"line":282,"column":45}},"loc":{"start":{"line":282,"column":58},"end":{"line":282,"column":73}},"line":282},"86":{"name":"(anonymous_86)","decl":{"start":{"line":284,"column":19},"end":{"line":284,"column":24}},"loc":{"start":{"line":284,"column":40},"end":{"line":286,"column":3}},"line":284},"87":{"name":"(anonymous_87)","decl":{"start":{"line":285,"column":69},"end":{"line":285,"column":70}},"loc":{"start":{"line":285,"column":83},"end":{"line":285,"column":98}},"line":285},"88":{"name":"(anonymous_88)","decl":{"start":{"line":287,"column":17},"end":{"line":287,"column":22}},"loc":{"start":{"line":287,"column":29},"end":{"line":289,"column":3}},"line":287},"89":{"name":"(anonymous_89)","decl":{"start":{"line":288,"column":44},"end":{"line":288,"column":45}},"loc":{"start":{"line":288,"column":58},"end":{"line":288,"column":73}},"line":288},"90":{"name":"(anonymous_90)","decl":{"start":{"line":290,"column":21},"end":{"line":290,"column":26}},"loc":{"start":{"line":290,"column":33},"end":{"line":292,"column":3}},"line":290},"91":{"name":"(anonymous_91)","decl":{"start":{"line":291,"column":56},"end":{"line":291,"column":57}},"loc":{"start":{"line":291,"column":70},"end":{"line":291,"column":85}},"line":291},"92":{"name":"(anonymous_92)","decl":{"start":{"line":293,"column":18},"end":{"line":293,"column":23}},"loc":{"start":{"line":293,"column":39},"end":{"line":301,"column":3}},"line":293},"93":{"name":"(anonymous_93)","decl":{"start":{"line":300,"column":12},"end":{"line":300,"column":13}},"loc":{"start":{"line":300,"column":26},"end":{"line":300,"column":41}},"line":300},"94":{"name":"(anonymous_94)","decl":{"start":{"line":302,"column":21},"end":{"line":302,"column":26}},"loc":{"start":{"line":302,"column":40},"end":{"line":306,"column":3}},"line":302},"95":{"name":"(anonymous_95)","decl":{"start":{"line":305,"column":12},"end":{"line":305,"column":13}},"loc":{"start":{"line":305,"column":26},"end":{"line":305,"column":41}},"line":305},"96":{"name":"(anonymous_96)","decl":{"start":{"line":307,"column":30},"end":{"line":307,"column":35}},"loc":{"start":{"line":307,"column":42},"end":{"line":309,"column":3}},"line":307},"97":{"name":"(anonymous_97)","decl":{"start":{"line":308,"column":66},"end":{"line":308,"column":67}},"loc":{"start":{"line":308,"column":80},"end":{"line":308,"column":95}},"line":308},"98":{"name":"(anonymous_98)","decl":{"start":{"line":310,"column":27},"end":{"line":310,"column":32}},"loc":{"start":{"line":310,"column":48},"end":{"line":318,"column":3}},"line":310},"99":{"name":"(anonymous_99)","decl":{"start":{"line":317,"column":12},"end":{"line":317,"column":13}},"loc":{"start":{"line":317,"column":26},"end":{"line":317,"column":41}},"line":317},"100":{"name":"(anonymous_100)","decl":{"start":{"line":319,"column":30},"end":{"line":319,"column":35}},"loc":{"start":{"line":319,"column":49},"end":{"line":323,"column":3}},"line":319},"101":{"name":"(anonymous_101)","decl":{"start":{"line":322,"column":12},"end":{"line":322,"column":13}},"loc":{"start":{"line":322,"column":26},"end":{"line":322,"column":41}},"line":322},"102":{"name":"(anonymous_102)","decl":{"start":{"line":324,"column":15},"end":{"line":324,"column":20}},"loc":{"start":{"line":324,"column":30},"end":{"line":343,"column":3}},"line":324},"103":{"name":"(anonymous_103)","decl":{"start":{"line":326,"column":23},"end":{"line":326,"column":24}},"loc":{"start":{"line":326,"column":36},"end":{"line":342,"column":5}},"line":326},"104":{"name":"(anonymous_104)","decl":{"start":{"line":330,"column":20},"end":{"line":330,"column":21}},"loc":{"start":{"line":330,"column":30},"end":{"line":340,"column":9}},"line":330},"105":{"name":"(anonymous_105)","decl":{"start":{"line":331,"column":29},"end":{"line":331,"column":30}},"loc":{"start":{"line":331,"column":36},"end":{"line":338,"column":11}},"line":331},"106":{"name":"(anonymous_106)","decl":{"start":{"line":344,"column":22},"end":{"line":344,"column":27}},"loc":{"start":{"line":344,"column":50},"end":{"line":348,"column":3}},"line":344},"107":{"name":"(anonymous_107)","decl":{"start":{"line":345,"column":75},"end":{"line":345,"column":76}},"loc":{"start":{"line":346,"column":6},"end":{"line":346,"column":null}},"line":346},"108":{"name":"(anonymous_108)","decl":{"start":{"line":349,"column":16},"end":{"line":349,"column":21}},"loc":{"start":{"line":349,"column":40},"end":{"line":365,"column":3}},"line":349},"109":{"name":"(anonymous_109)","decl":{"start":{"line":361,"column":12},"end":{"line":361,"column":13}},"loc":{"start":{"line":361,"column":26},"end":{"line":361,"column":41}},"line":361},"110":{"name":"(anonymous_110)","decl":{"start":{"line":362,"column":12},"end":{"line":362,"column":13}},"loc":{"start":{"line":362,"column":22},"end":{"line":364,"column":7}},"line":362},"111":{"name":"(anonymous_111)","decl":{"start":{"line":366,"column":13},"end":{"line":366,"column":18}},"loc":{"start":{"line":366,"column":34},"end":{"line":368,"column":3}},"line":366},"112":{"name":"(anonymous_112)","decl":{"start":{"line":367,"column":61},"end":{"line":367,"column":62}},"loc":{"start":{"line":367,"column":75},"end":{"line":367,"column":90}},"line":367},"113":{"name":"(anonymous_113)","decl":{"start":{"line":369,"column":18},"end":{"line":369,"column":23}},"loc":{"start":{"line":369,"column":48},"end":{"line":373,"column":3}},"line":369},"114":{"name":"(anonymous_114)","decl":{"start":{"line":370,"column":83},"end":{"line":370,"column":84}},"loc":{"start":{"line":371,"column":6},"end":{"line":371,"column":null}},"line":371},"115":{"name":"(anonymous_115)","decl":{"start":{"line":374,"column":16},"end":{"line":374,"column":21}},"loc":{"start":{"line":374,"column":46},"end":{"line":382,"column":3}},"line":374},"116":{"name":"(anonymous_116)","decl":{"start":{"line":381,"column":12},"end":{"line":381,"column":13}},"loc":{"start":{"line":381,"column":26},"end":{"line":381,"column":41}},"line":381},"117":{"name":"(anonymous_117)","decl":{"start":{"line":385,"column":17},"end":{"line":385,"column":22}},"loc":{"start":{"line":385,"column":71},"end":{"line":393,"column":3}},"line":385},"118":{"name":"(anonymous_118)","decl":{"start":{"line":392,"column":60},"end":{"line":392,"column":61}},"loc":{"start":{"line":392,"column":74},"end":{"line":392,"column":89}},"line":392},"119":{"name":"(anonymous_119)","decl":{"start":{"line":394,"column":16},"end":{"line":394,"column":21}},"loc":{"start":{"line":394,"column":61},"end":{"line":401,"column":3}},"line":394},"120":{"name":"(anonymous_120)","decl":{"start":{"line":400,"column":59},"end":{"line":400,"column":60}},"loc":{"start":{"line":400,"column":73},"end":{"line":400,"column":88}},"line":400},"121":{"name":"(anonymous_121)","decl":{"start":{"line":402,"column":19},"end":{"line":402,"column":24}},"loc":{"start":{"line":402,"column":48},"end":{"line":408,"column":3}},"line":402},"122":{"name":"(anonymous_122)","decl":{"start":{"line":407,"column":62},"end":{"line":407,"column":63}},"loc":{"start":{"line":407,"column":76},"end":{"line":407,"column":91}},"line":407},"123":{"name":"(anonymous_123)","decl":{"start":{"line":409,"column":18},"end":{"line":409,"column":23}},"loc":{"start":{"line":409,"column":89},"end":{"line":420,"column":3}},"line":409},"124":{"name":"(anonymous_124)","decl":{"start":{"line":417,"column":70},"end":{"line":417,"column":71}},"loc":{"start":{"line":418,"column":6},"end":{"line":418,"column":null}},"line":418}},"branchMap":{"0":{"loc":{"start":{"line":91,"column":16},"end":{"line":91,"column":29}},"type":"cond-expr","locations":[{"start":{"line":91,"column":24},"end":{"line":91,"column":25}},{"start":{"line":91,"column":28},"end":{"line":91,"column":29}}],"line":91},"1":{"loc":{"start":{"line":93,"column":4},"end":{"line":95,"column":null}},"type":"if","locations":[{"start":{"line":93,"column":4},"end":{"line":95,"column":null}},{"start":{},"end":{}}],"line":93},"2":{"loc":{"start":{"line":115,"column":4},"end":{"line":117,"column":null}},"type":"if","locations":[{"start":{"line":115,"column":4},"end":{"line":117,"column":null}},{"start":{},"end":{}}],"line":115},"3":{"loc":{"start":{"line":123,"column":25},"end":{"line":123,"column":86}},"type":"binary-expr","locations":[{"start":{"line":123,"column":25},"end":{"line":123,"column":58}},{"start":{"line":123,"column":62},"end":{"line":123,"column":86}}],"line":123},"4":{"loc":{"start":{"line":138,"column":16},"end":{"line":138,"column":30}},"type":"cond-expr","locations":[{"start":{"line":138,"column":24},"end":{"line":138,"column":25}},{"start":{"line":138,"column":28},"end":{"line":138,"column":30}}],"line":138},"5":{"loc":{"start":{"line":140,"column":4},"end":{"line":142,"column":null}},"type":"if","locations":[{"start":{"line":140,"column":4},"end":{"line":142,"column":null}},{"start":{},"end":{}}],"line":140},"6":{"loc":{"start":{"line":177,"column":62},"end":{"line":177,"column":74}},"type":"default-arg","locations":[{"start":{"line":177,"column":70},"end":{"line":177,"column":74}}],"line":177},"7":{"loc":{"start":{"line":183,"column":10},"end":{"line":183,"column":54}},"type":"cond-expr","locations":[{"start":{"line":183,"column":27},"end":{"line":183,"column":49}},{"start":{"line":183,"column":52},"end":{"line":183,"column":54}}],"line":183},"8":{"loc":{"start":{"line":184,"column":10},"end":{"line":184,"column":86}},"type":"cond-expr","locations":[{"start":{"line":184,"column":46},"end":{"line":184,"column":81}},{"start":{"line":184,"column":84},"end":{"line":184,"column":86}}],"line":184},"9":{"loc":{"start":{"line":390,"column":10},"end":{"line":390,"column":42}},"type":"cond-expr","locations":[{"start":{"line":390,"column":23},"end":{"line":390,"column":37}},{"start":{"line":390,"column":40},"end":{"line":390,"column":42}}],"line":390},"10":{"loc":{"start":{"line":398,"column":10},"end":{"line":398,"column":40}},"type":"cond-expr","locations":[{"start":{"line":398,"column":22},"end":{"line":398,"column":35}},{"start":{"line":398,"column":38},"end":{"line":398,"column":40}}],"line":398},"11":{"loc":{"start":{"line":409,"column":57},"end":{"line":409,"column":72}},"type":"default-arg","locations":[{"start":{"line":409,"column":70},"end":{"line":409,"column":72}}],"line":409},"12":{"loc":{"start":{"line":415,"column":10},"end":{"line":415,"column":42}},"type":"cond-expr","locations":[{"start":{"line":415,"column":23},"end":{"line":415,"column":37}},{"start":{"line":415,"column":40},"end":{"line":415,"column":42}}],"line":415}},"s":{"0":1,"1":1,"2":1,"3":2,"4":1,"5":1,"6":1,"7":0,"8":0,"9":1,"10":1,"11":1,"12":1,"13":1,"14":4,"15":1,"16":1,"17":1,"18":1,"19":1,"20":1,"21":1,"22":1,"23":1,"24":1,"25":1,"26":1,"27":1,"28":0,"29":0,"30":0,"31":0,"32":0,"33":0,"34":0,"35":0,"36":0,"37":0,"38":0,"39":0,"40":0,"41":0,"42":0,"43":0,"44":0,"45":0,"46":0,"47":0,"48":0,"49":0,"50":0,"51":0,"52":0,"53":0,"54":0,"55":0,"56":0,"57":0,"58":0,"59":0,"60":0,"61":0,"62":0,"63":0,"64":0,"65":0,"66":0,"67":0,"68":0,"69":0,"70":0,"71":0,"72":0,"73":0,"74":0,"75":2,"76":2,"77":2,"78":2,"79":2,"80":2,"81":2,"82":3,"83":3,"84":2,"85":0,"86":0,"87":0,"88":0,"89":0,"90":1,"91":1,"92":1,"93":2,"94":1,"95":0,"96":0,"97":0,"98":0,"99":0,"100":0,"101":0,"102":0,"103":0,"104":0,"105":1,"106":1,"107":0,"108":0,"109":0,"110":0,"111":0,"112":0,"113":0,"114":0,"115":0,"116":0,"117":0,"118":0,"119":0,"120":0,"121":0,"122":0,"123":0,"124":0,"125":0,"126":0,"127":0,"128":0,"129":0,"130":0,"131":0,"132":0,"133":0,"134":0,"135":0,"136":0,"137":0,"138":0,"139":0,"140":0,"141":1,"142":1,"143":1,"144":0,"145":0,"146":0,"147":0,"148":1,"149":1,"150":0,"151":0,"152":0,"153":0,"154":0,"155":0,"156":0,"157":0,"158":0,"159":0,"160":0,"161":0},"f":{"0":2,"1":1,"2":1,"3":0,"4":0,"5":1,"6":1,"7":1,"8":1,"9":1,"10":4,"11":1,"12":1,"13":1,"14":1,"15":1,"16":1,"17":1,"18":1,"19":1,"20":1,"21":0,"22":0,"23":0,"24":0,"25":0,"26":0,"27":0,"28":0,"29":0,"30":0,"31":0,"32":0,"33":0,"34":0,"35":0,"36":0,"37":0,"38":0,"39":0,"40":0,"41":0,"42":0,"43":0,"44":0,"45":0,"46":0,"47":0,"48":0,"49":0,"50":0,"51":0,"52":0,"53":2,"54":2,"55":2,"56":3,"57":0,"58":0,"59":0,"60":0,"61":1,"62":1,"63":1,"64":2,"65":0,"66":0,"67":0,"68":0,"69":0,"70":0,"71":0,"72":0,"73":0,"74":1,"75":1,"76":0,"77":0,"78":0,"79":0,"80":0,"81":0,"82":0,"83":0,"84":0,"85":0,"86":0,"87":0,"88":0,"89":0,"90":0,"91":0,"92":0,"93":0,"94":0,"95":0,"96":0,"97":0,"98":0,"99":0,"100":0,"101":0,"102":0,"103":0,"104":0,"105":0,"106":0,"107":0,"108":1,"109":1,"110":1,"111":0,"112":0,"113":0,"114":0,"115":1,"116":1,"117":0,"118":0,"119":0,"120":0,"121":0,"122":0,"123":0,"124":0},"b":{"0":[0,0],"1":[0,0],"2":[0,0],"3":[0,0],"4":[0,0],"5":[0,0],"6":[2],"7":[1,1],"8":[1,1],"9":[0,0],"10":[0,0],"11":[0],"12":[0,0]},"meta":{"lastBranch":13,"lastFunction":125,"lastStatement":162,"seen":{"s:1:22:1:Infinity":0,"s:3:44:3:Infinity":1,"s:5:26:421:1":2,"f:6:16:6:21":0,"s:7:4:12:Infinity":3,"f:8:12:8:13":1,"s:8:26:8:41":4,"f:9:13:9:14":2,"s:10:8:10:Infinity":5,"s:11:8:11:Infinity":6,"f:14:17:14:22":3,"s:15:4:17:Infinity":7,"f:16:6:16:7":4,"s:16:20:16:Infinity":8,"f:19:14:19:19":5,"s:20:4:22:Infinity":9,"f:20:75:20:76":6,"s:21:6:21:Infinity":10,"f:24:15:24:20":7,"s:25:4:30:Infinity":11,"f:26:12:26:13":8,"s:26:26:26:41":12,"f:27:12:27:13":9,"s:28:23:28:68":13,"f:28:33:28:34":10,"s:28:43:28:67":14,"s:29:8:29:Infinity":15,"f:32:19:32:24":11,"s:33:4:33:Infinity":16,"f:33:68:33:69":12,"s:33:82:33:97":17,"f:35:14:35:19":13,"s:36:4:46:Infinity":18,"f:37:12:37:13":14,"s:37:26:37:41":19,"f:38:12:38:13":15,"s:39:22:44:10":20,"f:39:31:39:32":16,"s:40:10:43:Infinity":21,"s:45:8:45:Infinity":22,"f:48:17:48:22":17,"s:49:4:59:Infinity":23,"f:50:12:50:13":18,"s:50:26:50:41":24,"f:51:12:51:13":19,"s:52:22:57:10":25,"f:52:31:52:32":20,"s:53:10:56:Infinity":26,"s:58:8:58:Infinity":27,"f:61:24:61:29":21,"s:62:4:64:Infinity":28,"f:63:6:63:7":22,"s:63:20:63:Infinity":29,"f:66:20:66:25":23,"s:67:4:69:Infinity":30,"f:69:12:69:13":24,"s:69:26:69:41":31,"f:71:23:71:28":25,"s:72:4:74:Infinity":32,"f:73:6:73:7":26,"s:73:20:73:Infinity":33,"f:76:19:76:24":27,"s:77:4:79:Infinity":34,"f:79:11:79:12":28,"s:79:25:79:40":35,"f:81:22:81:27":29,"s:82:4:82:Infinity":36,"f:82:59:82:60":30,"s:82:73:82:88":37,"f:84:28:84:33":31,"s:85:4:85:Infinity":38,"f:85:66:85:67":32,"s:85:80:85:95":39,"f:87:23:87:28":33,"s:88:4:88:Infinity":40,"f:88:61:88:62":34,"s:88:75:88:90":41,"f:90:20:90:25":35,"s:91:16:91:29":42,"b:91:24:91:25:91:28:91:29":0,"s:92:14:92:132":43,"b:93:4:95:Infinity:undefined:undefined:undefined:undefined":1,"s:93:4:95:Infinity":44,"s:94:6:94:Infinity":45,"s:96:4:110:Infinity":46,"f:97:12:97:13":36,"s:97:26:97:41":47,"f:98:12:98:13":37,"s:100:20:108:10":48,"f:100:29:100:30":38,"s:101:10:107:Infinity":49,"s:109:8:109:Infinity":50,"f:112:22:112:27":39,"s:113:16:113:19":51,"s:114:14:114:186":52,"b:115:4:117:Infinity:undefined:undefined:undefined:undefined":2,"s:115:4:117:Infinity":53,"s:116:6:116:Infinity":54,"s:118:4:135:Infinity":55,"f:119:12:119:13":40,"s:119:26:119:41":56,"f:120:12:120:13":41,"s:122:20:133:22":57,"f:123:18:123:19":42,"s:123:25:123:86":58,"b:123:25:123:58:123:62:123:86":3,"f:124:15:124:16":43,"s:125:12:131:Infinity":59,"s:134:8:134:Infinity":60,"f:137:20:137:25":44,"s:138:16:138:30":61,"b:138:24:138:25:138:28:138:30":4,"s:139:14:139:125":62,"b:140:4:142:Infinity:undefined:undefined:undefined:undefined":5,"s:140:4:142:Infinity":63,"s:141:6:141:Infinity":64,"s:143:4:157:Infinity":65,"f:144:12:144:13":45,"s:144:26:144:41":66,"f:145:12:145:13":46,"s:146:8:156:Infinity":67,"f:146:24:146:25":47,"s:147:21:147:98":68,"s:148:10:155:Infinity":69,"f:159:25:159:30":48,"s:160:4:175:Infinity":70,"f:161:12:161:13":49,"s:161:26:161:41":71,"f:162:12:162:13":50,"s:163:8:170:Infinity":72,"f:163:33:163:34":51,"s:164:10:169:Infinity":73,"f:172:13:172:14":52,"s:173:8:173:Infinity":74,"f:177:26:177:31":53,"b:177:70:177:74":6,"s:178:32:178:53":75,"s:179:25:185:6":76,"b:183:27:183:49:183:52:183:54":7,"b:184:46:184:81:184:84:184:86":8,"s:187:31:187:79":77,"s:188:4:201:Infinity":78,"f:189:12:189:13":54,"s:189:26:189:41":79,"f:190:12:190:13":55,"s:191:20:191:22":80,"s:192:19:195:10":81,"f:192:36:192:37":56,"s:193:10:193:Infinity":82,"s:194:10:194:Infinity":83,"s:196:8:200:Infinity":84,"f:203:20:203:25":57,"s:204:25:210:6":85,"s:211:4:213:Infinity":86,"f:211:77:211:78":58,"s:212:6:212:Infinity":87,"f:215:19:215:24":59,"s:216:4:218:Infinity":88,"f:216:80:216:81":60,"s:217:6:217:Infinity":89,"f:220:24:220:29":61,"s:221:4:237:Infinity":90,"f:228:12:228:13":62,"s:228:26:228:41":91,"f:229:12:229:13":63,"s:230:19:235:10":92,"f:230:28:230:29":64,"s:231:10:234:Infinity":93,"s:236:8:236:Infinity":94,"f:239:31:239:36":65,"s:240:4:242:Infinity":95,"f:241:6:241:7":66,"s:241:20:241:Infinity":96,"f:244:22:244:27":67,"s:245:4:247:Infinity":97,"f:246:6:246:7":68,"s:246:20:246:Infinity":98,"f:249:23:249:28":69,"s:250:4:255:Infinity":99,"f:251:12:251:13":70,"s:251:26:251:41":100,"f:252:12:252:13":71,"s:253:8:253:Infinity":101,"s:254:8:254:Infinity":102,"f:257:19:257:24":72,"s:258:4:258:Infinity":103,"f:258:54:258:55":73,"s:258:68:258:83":104,"f:260:11:260:16":74,"s:261:4:263:Infinity":105,"f:261:82:261:83":75,"s:262:6:262:Infinity":106,"f:265:31:265:36":76,"s:266:4:268:Infinity":107,"f:268:11:268:12":77,"s:268:25:268:40":108,"f:270:13:270:18":78,"s:271:4:271:Infinity":109,"f:271:62:271:63":79,"s:271:76:271:91":110,"f:273:12:273:17":80,"s:274:4:276:Infinity":111,"f:274:71:274:72":81,"s:275:6:275:Infinity":112,"f:278:16:278:21":82,"s:279:4:279:Infinity":113,"f:279:43:279:44":83,"s:279:57:279:72":114,"f:281:17:281:22":84,"s:282:4:282:Infinity":115,"f:282:44:282:45":85,"s:282:58:282:73":116,"f:284:19:284:24":86,"s:285:4:285:Infinity":117,"f:285:69:285:70":87,"s:285:83:285:98":118,"f:287:17:287:22":88,"s:288:4:288:Infinity":119,"f:288:44:288:45":89,"s:288:58:288:73":120,"f:290:21:290:26":90,"s:291:4:291:Infinity":121,"f:291:56:291:57":91,"s:291:70:291:85":122,"f:293:18:293:23":92,"s:294:4:300:Infinity":123,"f:300:12:300:13":93,"s:300:26:300:41":124,"f:302:21:302:26":94,"s:303:4:305:Infinity":125,"f:305:12:305:13":95,"s:305:26:305:41":126,"f:307:30:307:35":96,"s:308:4:308:Infinity":127,"f:308:66:308:67":97,"s:308:80:308:95":128,"f:310:27:310:32":98,"s:311:4:317:Infinity":129,"f:317:12:317:13":99,"s:317:26:317:41":130,"f:319:30:319:35":100,"s:320:4:322:Infinity":131,"f:322:12:322:13":101,"s:322:26:322:41":132,"f:324:15:324:20":102,"s:325:19:325:48":133,"s:326:4:342:Infinity":134,"f:326:23:326:24":103,"s:327:6:341:Infinity":135,"f:330:20:330:21":104,"s:331:20:338:12":136,"f:331:29:331:30":105,"s:332:12:337:Infinity":137,"s:339:10:339:Infinity":138,"f:344:22:344:27":106,"s:345:4:347:Infinity":139,"f:345:75:345:76":107,"s:346:6:346:Infinity":140,"f:349:16:349:21":108,"s:350:4:364:Infinity":141,"f:361:12:361:13":109,"s:361:26:361:41":142,"f:362:12:362:13":110,"s:363:8:363:Infinity":143,"f:366:13:366:18":111,"s:367:4:367:Infinity":144,"f:367:61:367:62":112,"s:367:75:367:90":145,"f:369:18:369:23":113,"s:370:4:372:Infinity":146,"f:370:83:370:84":114,"s:371:6:371:Infinity":147,"f:374:16:374:21":115,"s:375:4:381:Infinity":148,"f:381:12:381:13":116,"s:381:26:381:41":149,"f:385:17:385:22":117,"s:386:19:391:6":150,"b:390:23:390:37:390:40:390:42":9,"s:392:4:392:Infinity":151,"f:392:60:392:61":118,"s:392:74:392:89":152,"f:394:16:394:21":119,"s:395:19:399:6":153,"b:398:22:398:35:398:38:398:40":10,"s:400:4:400:Infinity":154,"f:400:59:400:60":120,"s:400:73:400:88":155,"f:402:19:402:24":121,"s:403:19:406:6":156,"s:407:4:407:Infinity":157,"f:407:62:407:63":122,"s:407:76:407:91":158,"f:409:18:409:23":123,"b:409:70:409:72":11,"s:410:19:416:6":159,"b:415:23:415:37:415:40:415:42":12,"s:417:4:419:Infinity":160,"f:417:70:417:71":124,"s:418:6:418:Infinity":161},"fnNames":{}}}
}
